{"name": "test_add_new_user", "status": "broken", "statusDetails": {"message": "selenium.common.exceptions.TimeoutException: Message: \nStacktrace:\n#0 0x5cd0fa78bf83 <unknown>\n#1 0x5cd0fa444cf7 <unknown>\n#2 0x5cd0fa49499e <unknown>\n#3 0x5cd0fa494aa1 <unknown>\n#4 0x5cd0fa4dfd64 <unknown>\n#5 0x5cd0fa4be0dd <unknown>\n#6 0x5cd0fa4dd006 <unknown>\n#7 0x5cd0fa4bde53 <unknown>\n#8 0x5cd0fa485dd4 <unknown>\n#9 0x5cd0fa4871de <unknown>\n#10 0x5cd0fa750531 <unknown>\n#11 0x5cd0fa754455 <unknown>\n#12 0x5cd0fa73cf55 <unknown>\n#13 0x5cd0fa7550ef <unknown>\n#14 0x5cd0fa72099f <unknown>\n#15 0x5cd0fa779008 <unknown>\n#16 0x5cd0fa7791d7 <unknown>\n#17 0x5cd0fa78b124 <unknown>\n#18 0x7b717be94ac3 <unknown>", "trace": "browser = <selenium.webdriver.chrome.webdriver.WebDriver (session=\"795c43133eafd172f169c6b8f3099787\")>\n\n    @pytest.mark.usefixtures(\"browser\")\n    def test_add_new_user(browser):\n        logger.info('====== Started: {} ======'.format(int(time.time())))\n        try:\n            logger.debug('Navigating to Main Page')\n            main_page = MainPage(browser)\n    \n            logger.debug('Clicking My Account')\n>           main_page.click((By.CSS_SELECTOR, \"a[title='My Account']\"))\n\ntests/test_add_new_user.py:26: \n_ _ _ _ _ _ _ _ _ _ _ _ _ _ _ _ _ _ _ _ _ _ _ _ _ _ _ _ _ _ _ _ _ _ _ _ _ _ _ _ _ _ _ _ _ _ _ _ _ _ _ _ _ _ _ _ _ _ _ _ _ _ _ _ _ _ _ _ _ \npage_objects/base_page.py:25: in click\n    ActionChains(self.browser).move_to_element(self.get_element(locator)).pause(0.3).click().perform()\npage_objects/base_page.py:19: in get_element\n    return WebDriverWait(self.browser, timeout).until(EC.visibility_of_element_located(locator))\n_ _ _ _ _ _ _ _ _ _ _ _ _ _ _ _ _ _ _ _ _ _ _ _ _ _ _ _ _ _ _ _ _ _ _ _ _ _ _ _ _ _ _ _ _ _ _ _ _ _ _ _ _ _ _ _ _ _ _ _ _ _ _ _ _ _ _ _ _ \n\nself = <selenium.webdriver.support.wait.WebDriverWait (session=\"795c43133eafd172f169c6b8f3099787\")>\nmethod = <function visibility_of_element_located.<locals>._predicate at 0x7b65e6f305e0>, message = ''\n\n    def until(self, method: Callable[[D], Union[Literal[False], T]], message: str = \"\") -> T:\n        \"\"\"Calls the method provided with the driver as an argument until the \\\n        return value does not evaluate to ``False``.\n    \n        :param method: callable(WebDriver)\n        :param message: optional message for :exc:`TimeoutException`\n        :returns: the result of the last call to `method`\n        :raises: :exc:`selenium.common.exceptions.TimeoutException` if timeout occurs\n        \"\"\"\n        screen = None\n        stacktrace = None\n    \n        end_time = time.monotonic() + self._timeout\n        while True:\n            try:\n                value = method(self._driver)\n                if value:\n                    return value\n            except self._ignored_exceptions as exc:\n                screen = getattr(exc, \"screen\", None)\n                stacktrace = getattr(exc, \"stacktrace\", None)\n            time.sleep(self._poll)\n            if time.monotonic() > end_time:\n                break\n>       raise TimeoutException(message, screen, stacktrace)\nE       selenium.common.exceptions.TimeoutException: Message: \nE       Stacktrace:\nE       #0 0x5cd0fa78bf83 <unknown>\nE       #1 0x5cd0fa444cf7 <unknown>\nE       #2 0x5cd0fa49499e <unknown>\nE       #3 0x5cd0fa494aa1 <unknown>\nE       #4 0x5cd0fa4dfd64 <unknown>\nE       #5 0x5cd0fa4be0dd <unknown>\nE       #6 0x5cd0fa4dd006 <unknown>\nE       #7 0x5cd0fa4bde53 <unknown>\nE       #8 0x5cd0fa485dd4 <unknown>\nE       #9 0x5cd0fa4871de <unknown>\nE       #10 0x5cd0fa750531 <unknown>\nE       #11 0x5cd0fa754455 <unknown>\nE       #12 0x5cd0fa73cf55 <unknown>\nE       #13 0x5cd0fa7550ef <unknown>\nE       #14 0x5cd0fa72099f <unknown>\nE       #15 0x5cd0fa779008 <unknown>\nE       #16 0x5cd0fa7791d7 <unknown>\nE       #17 0x5cd0fa78b124 <unknown>\nE       #18 0x7b717be94ac3 <unknown>\n\n.venv/lib/python3.10/site-packages/selenium/webdriver/support/wait.py:105: TimeoutException"}, "attachments": [{"name": "log", "source": "6f080980-8c25-4ca2-b41d-3ddcef08f40e-attachment.txt", "type": "text/plain"}], "start": 1722156552158, "stop": 1722156555358, "uuid": "3ff25cae-c1f1-4759-aa7c-89c26ef8d7e6", "historyId": "022c275df7161ca5e73d9c549080e2a1", "testCaseId": "022c275df7161ca5e73d9c549080e2a1", "fullName": "tests.test_add_new_user#test_add_new_user", "labels": [{"name": "tag", "value": "@pytest.mark.usefixtures('browser')"}, {"name": "parentSuite", "value": "tests"}, {"name": "suite", "value": "test_add_new_user"}, {"name": "host", "value": "we"}, {"name": "thread", "value": "10337-MainThread"}, {"name": "framework", "value": "pytest"}, {"name": "language", "value": "cpython3"}, {"name": "package", "value": "tests.test_add_new_user"}]}