{"name": "test_login", "status": "failed", "statusDetails": {"message": "AssertionError: тест провален DUDE!!\nassert 'Address Book' == 'My Account'\n  - My Account\n  + Address Book", "trace": "browser = <selenium.webdriver.chrome.webdriver.WebDriver (session=\"cc34ca8b531304cca1a1809066ecc575\")>\n\n    @pytest.mark.usefixtures(\"browser\")\n    def test_login(browser):\n        logger.info('====== Started: {} ======'.format(int(time.time())))\n        try:\n            with allure.step('Navigating to Main Page and clicking My Account'):\n                logger.debug('Navigating to Main Page')\n                main_page = MainPage(browser)\n                logger.debug('Clicking My Account')\n                main_page.click_my_account()\n                take_screenshot(browser, 'Main Page - My Account')\n    \n            with allure.step('Clicking Register User'):\n                logger.debug('Clicking Register User')\n                main_page.click_register_user()\n                take_screenshot(browser, 'Main Page - Register User')\n    \n            with allure.step('Filling registration form'):\n                logger.debug('Filling registration form')\n                register_user = RegisterUser(browser)\n                register_user.fill_registration_form()\n                take_screenshot(browser, 'Registration Form Filled')\n    \n            with allure.step('Agreeing to terms and conditions'):\n                logger.debug('Agreeing to terms and conditions')\n                register_user.click_check_box()\n                take_screenshot(browser, 'Agreed to Terms and Conditions')\n    \n            with allure.step('Submitting registration form'):\n                logger.debug('Submitting registration form')\n                register_user.submit()\n                take_screenshot(browser, 'Registration Form Submitted')\n    \n            with allure.step('Accepting registration'):\n                logger.debug('Accepting registration')\n                register_user.accept()\n                take_screenshot(browser, 'Registration Accepted')\n    \n            with allure.step('Logging out new user'):\n                logger.debug('Logging out new user')\n                register_user.logout()\n                take_screenshot(browser, 'User Logged Out')\n    \n            with allure.step('Navigating back to My Account and clicking Login'):\n                logger.debug('Navigating back to My Account')\n                main_page.click_my_account()\n                logger.debug('Clicking Login')\n                main_page.click_login()\n                take_screenshot(browser, 'Main Page - Login')\n    \n            with allure.step('Entering login credentials and submitting'):\n                logger.debug('Entering login credentials')\n                register_user.input_data(RegisterUser.INPUT_EMAIL, RegisterUser.EMAIL)\n                register_user.input_data(RegisterUser.INPUT_PASSWD, RegisterUser.PASSWD)\n                logger.debug('Submitting login form')\n                browser.find_element(By.CSS_SELECTOR, \"button[type='submit']\").click()\n                take_screenshot(browser, 'Login Form Submitted')\n    \n            with allure.step('Checking if \"My Account\" link is present'):\n                logger.debug('Checking if \"My Account\" link is present')\n                check = WebDriverWait(browser, 2).until(\n                    EC.presence_of_element_located((By.CSS_SELECTOR, \"#column-right > div > a:nth-child(4)\")))\n>               assert check.text == 'My Account', \"тест провален DUDE!!\"\nE               AssertionError: тест провален DUDE!!\nE               assert 'Address Book' == 'My Account'\nE                 - My Account\nE                 + Address Book\n\ntests/test_login.py:82: AssertionError"}, "steps": [{"name": "Navigating to Main Page and clicking My Account", "status": "passed", "attachments": [{"name": "Main Page - My Account", "source": "2798980b-a255-403f-b0b8-fd2b3e57a5fc-attachment.png", "type": "image/png"}], "start": 1722157117771, "stop": 1722157118527}, {"name": "Clicking Register User", "status": "passed", "attachments": [{"name": "Main Page - Register User", "source": "f108e03b-a58b-430b-84c9-4b43d2a2c567-attachment.png", "type": "image/png"}], "start": 1722157118527, "stop": 1722157119393}, {"name": "Filling registration form", "status": "passed", "attachments": [{"name": "Registration Form Filled", "source": "b4974eb2-f149-4664-85c9-ecc21059c732-attachment.png", "type": "image/png"}], "start": 1722157119393, "stop": 1722157121266}, {"name": "Agreeing to terms and conditions", "status": "passed", "attachments": [{"name": "Agreed to Terms and Conditions", "source": "4e0f86cc-3fe1-46b7-b9a1-cfd35470041c-attachment.png", "type": "image/png"}], "start": 1722157121266, "stop": 1722157121970}, {"name": "Submitting registration form", "status": "passed", "attachments": [{"name": "Registration Form Submitted", "source": "44c6d721-5e67-4704-9c1f-36ec7610fe7a-attachment.png", "type": "image/png"}], "start": 1722157121970, "stop": 1722157122657}, {"name": "Accepting registration", "status": "passed", "attachments": [{"name": "Registration Accepted", "source": "f41907ed-bce8-4f32-8fc0-636b4b3e8559-attachment.png", "type": "image/png"}], "start": 1722157122657, "stop": 1722157124096}, {"name": "Logging out new user", "status": "passed", "attachments": [{"name": "User Logged Out", "source": "79ed78ee-84d2-4781-aa4f-b57979ced9df-attachment.png", "type": "image/png"}], "start": 1722157124096, "stop": 1722157125067}, {"name": "Navigating back to My Account and clicking Login", "status": "passed", "attachments": [{"name": "Main Page - Login", "source": "d009de85-818f-47d1-a509-4cd09880cfaa-attachment.png", "type": "image/png"}], "start": 1722157125067, "stop": 1722157126522}, {"name": "Entering login credentials and submitting", "status": "passed", "attachments": [{"name": "Login Form Submitted", "source": "2308700b-c403-48b5-a395-c2e6058c2668-attachment.png", "type": "image/png"}], "start": 1722157126522, "stop": 1722157127616}, {"name": "Checking if \"My Account\" link is present", "status": "failed", "statusDetails": {"message": "AssertionError: тест провален DUDE!!\nassert 'Address Book' == 'My Account'\n  - My Account\n  + Address Book\n", "trace": "  File \"/home/we/Desktop/Projects/Python/pyOtus/tests/test_login.py\", line 82, in test_login\n    assert check.text == 'My Account', \"тест провален DUDE!!\"\n"}, "start": 1722157127616, "stop": 1722157127639}], "attachments": [{"name": "Error", "source": "5dfaf688-c1e4-483e-a02c-2cc6f864fbb9-attachment.png", "type": "image/png"}, {"name": "log", "source": "0cf7b02c-9d58-4d5d-bf21-7ed773429445-attachment.txt", "type": "text/plain"}], "start": 1722157117767, "stop": 1722157127793, "uuid": "10071f92-7685-4202-897c-939b8039fb20", "historyId": "a707b9555172d26c5c1ec2d556e674f3", "testCaseId": "a707b9555172d26c5c1ec2d556e674f3", "fullName": "tests.test_login#test_login", "labels": [{"name": "tag", "value": "@pytest.mark.usefixtures('browser')"}, {"name": "parentSuite", "value": "tests"}, {"name": "suite", "value": "test_login"}, {"name": "host", "value": "we"}, {"name": "thread", "value": "13336-MainThread"}, {"name": "framework", "value": "pytest"}, {"name": "language", "value": "cpython3"}, {"name": "package", "value": "tests.test_login"}]}