{"name": "test_add_new_goods", "status": "broken", "statusDetails": {"message": "selenium.common.exceptions.TimeoutException: Message: \nStacktrace:\n#0 0x5751f6067f83 <unknown>\n#1 0x5751f5d20cf7 <unknown>\n#2 0x5751f5d7099e <unknown>\n#3 0x5751f5d70aa1 <unknown>\n#4 0x5751f5dbbd64 <unknown>\n#5 0x5751f5d9a0dd <unknown>\n#6 0x5751f5db9006 <unknown>\n#7 0x5751f5d99e53 <unknown>\n#8 0x5751f5d61dd4 <unknown>\n#9 0x5751f5d631de <unknown>\n#10 0x5751f602c531 <unknown>\n#11 0x5751f6030455 <unknown>\n#12 0x5751f6018f55 <unknown>\n#13 0x5751f60310ef <unknown>\n#14 0x5751f5ffc99f <unknown>\n#15 0x5751f6055008 <unknown>\n#16 0x5751f60551d7 <unknown>\n#17 0x5751f6067124 <unknown>\n#18 0x70b502c94ac3 <unknown>", "trace": "browser = <selenium.webdriver.chrome.webdriver.WebDriver (session=\"8373325fcb91f42c7c001f67b9d4a8ee\")>\n\n    @pytest.mark.usefixtures(\"browser\")\n    def test_add_new_goods(browser):\n        logger.info('====== Started: {} ======'.format(int(time.time())))\n        try:\n            logger.debug('Opening Admin Page')\n            admin_page = AdminPage(browser)\n    \n            logger.debug('Inputting admin credentials')\n>           admin_page.input_admin_credentials()\n\ntests/test_add_new_goods.py:21: \n_ _ _ _ _ _ _ _ _ _ _ _ _ _ _ _ _ _ _ _ _ _ _ _ _ _ _ _ _ _ _ _ _ _ _ _ _ _ _ _ _ _ _ _ _ _ _ _ _ _ _ _ _ _ _ _ _ _ _ _ _ _ _ _ _ _ _ _ _ \npage_objects/admin_page.py:30: in input_admin_credentials\n    self.input_value(self.INPUT_NAME, self.ADMIN_NAME)\npage_objects/base_page.py:29: in input_value\n    self.get_element(locator).click()\npage_objects/base_page.py:19: in get_element\n    return WebDriverWait(self.browser, timeout).until(EC.visibility_of_element_located(locator))\n_ _ _ _ _ _ _ _ _ _ _ _ _ _ _ _ _ _ _ _ _ _ _ _ _ _ _ _ _ _ _ _ _ _ _ _ _ _ _ _ _ _ _ _ _ _ _ _ _ _ _ _ _ _ _ _ _ _ _ _ _ _ _ _ _ _ _ _ _ \n\nself = <selenium.webdriver.support.wait.WebDriverWait (session=\"8373325fcb91f42c7c001f67b9d4a8ee\")>\nmethod = <function visibility_of_element_located.<locals>._predicate at 0x7817fcb31f30>, message = ''\n\n    def until(self, method: Callable[[D], Union[Literal[False], T]], message: str = \"\") -> T:\n        \"\"\"Calls the method provided with the driver as an argument until the \\\n        return value does not evaluate to ``False``.\n    \n        :param method: callable(WebDriver)\n        :param message: optional message for :exc:`TimeoutException`\n        :returns: the result of the last call to `method`\n        :raises: :exc:`selenium.common.exceptions.TimeoutException` if timeout occurs\n        \"\"\"\n        screen = None\n        stacktrace = None\n    \n        end_time = time.monotonic() + self._timeout\n        while True:\n            try:\n                value = method(self._driver)\n                if value:\n                    return value\n            except self._ignored_exceptions as exc:\n                screen = getattr(exc, \"screen\", None)\n                stacktrace = getattr(exc, \"stacktrace\", None)\n            time.sleep(self._poll)\n            if time.monotonic() > end_time:\n                break\n>       raise TimeoutException(message, screen, stacktrace)\nE       selenium.common.exceptions.TimeoutException: Message: \nE       Stacktrace:\nE       #0 0x5751f6067f83 <unknown>\nE       #1 0x5751f5d20cf7 <unknown>\nE       #2 0x5751f5d7099e <unknown>\nE       #3 0x5751f5d70aa1 <unknown>\nE       #4 0x5751f5dbbd64 <unknown>\nE       #5 0x5751f5d9a0dd <unknown>\nE       #6 0x5751f5db9006 <unknown>\nE       #7 0x5751f5d99e53 <unknown>\nE       #8 0x5751f5d61dd4 <unknown>\nE       #9 0x5751f5d631de <unknown>\nE       #10 0x5751f602c531 <unknown>\nE       #11 0x5751f6030455 <unknown>\nE       #12 0x5751f6018f55 <unknown>\nE       #13 0x5751f60310ef <unknown>\nE       #14 0x5751f5ffc99f <unknown>\nE       #15 0x5751f6055008 <unknown>\nE       #16 0x5751f60551d7 <unknown>\nE       #17 0x5751f6067124 <unknown>\nE       #18 0x70b502c94ac3 <unknown>\n\n.venv/lib/python3.10/site-packages/selenium/webdriver/support/wait.py:105: TimeoutException"}, "attachments": [{"name": "log", "source": "3772fc19-9761-4bdf-acbf-b71737b6b02f-attachment.txt", "type": "text/plain"}], "start": 1722157170825, "stop": 1722157173992, "uuid": "b3bfc328-e236-4ca5-8ed8-4d53657529da", "historyId": "a8e04a047b226f4d2e97afa84f4f739a", "testCaseId": "a8e04a047b226f4d2e97afa84f4f739a", "fullName": "tests.test_add_new_goods#test_add_new_goods", "labels": [{"name": "tag", "value": "@pytest.mark.usefixtures('browser')"}, {"name": "parentSuite", "value": "tests"}, {"name": "suite", "value": "test_add_new_goods"}, {"name": "host", "value": "we"}, {"name": "thread", "value": "13753-MainThread"}, {"name": "framework", "value": "pytest"}, {"name": "language", "value": "cpython3"}, {"name": "package", "value": "tests.test_add_new_goods"}]}