{"name": "test_del_prod", "status": "broken", "statusDetails": {"message": "selenium.common.exceptions.TimeoutException: Message: \nStacktrace:\n#0 0x5e197a0b4f83 <unknown>\n#1 0x5e1979d6dcf7 <unknown>\n#2 0x5e1979dbd99e <unknown>\n#3 0x5e1979dbdaa1 <unknown>\n#4 0x5e1979e08d64 <unknown>\n#5 0x5e1979de70dd <unknown>\n#6 0x5e1979e06006 <unknown>\n#7 0x5e1979de6e53 <unknown>\n#8 0x5e1979daedd4 <unknown>\n#9 0x5e1979db01de <unknown>\n#10 0x5e197a079531 <unknown>\n#11 0x5e197a07d455 <unknown>\n#12 0x5e197a065f55 <unknown>\n#13 0x5e197a07e0ef <unknown>\n#14 0x5e197a04999f <unknown>\n#15 0x5e197a0a2008 <unknown>\n#16 0x5e197a0a21d7 <unknown>\n#17 0x5e197a0b4124 <unknown>\n#18 0x7035f7294ac3 <unknown>", "trace": "browser = <selenium.webdriver.chrome.webdriver.WebDriver (session=\"83736f666a5aa1fae8c9b7843c7cd97b\")>\n\n    @pytest.mark.usefixtures(\"browser\")\n    def test_del_prod(browser):\n        logger.info('====== Started: {} ======'.format(int(time.time())))\n        try:\n            logger.debug('Opening Admin Page')\n            admin_page = AdminPage(browser)\n    \n            logger.debug('Inputting admin credentials')\n>           admin_page.input_admin_credentials()\n\ntests/test_del_goods.py:21: \n_ _ _ _ _ _ _ _ _ _ _ _ _ _ _ _ _ _ _ _ _ _ _ _ _ _ _ _ _ _ _ _ _ _ _ _ _ _ _ _ _ _ _ _ _ _ _ _ _ _ _ _ _ _ _ _ _ _ _ _ _ _ _ _ _ _ _ _ _ \npage_objects/admin_page.py:30: in input_admin_credentials\n    self.input_value(self.INPUT_NAME, self.ADMIN_NAME)\npage_objects/base_page.py:29: in input_value\n    self.get_element(locator).click()\npage_objects/base_page.py:19: in get_element\n    return WebDriverWait(self.browser, timeout).until(EC.visibility_of_element_located(locator))\n_ _ _ _ _ _ _ _ _ _ _ _ _ _ _ _ _ _ _ _ _ _ _ _ _ _ _ _ _ _ _ _ _ _ _ _ _ _ _ _ _ _ _ _ _ _ _ _ _ _ _ _ _ _ _ _ _ _ _ _ _ _ _ _ _ _ _ _ _ \n\nself = <selenium.webdriver.support.wait.WebDriverWait (session=\"83736f666a5aa1fae8c9b7843c7cd97b\")>\nmethod = <function visibility_of_element_located.<locals>._predicate at 0x7817fcb5de10>, message = ''\n\n    def until(self, method: Callable[[D], Union[Literal[False], T]], message: str = \"\") -> T:\n        \"\"\"Calls the method provided with the driver as an argument until the \\\n        return value does not evaluate to ``False``.\n    \n        :param method: callable(WebDriver)\n        :param message: optional message for :exc:`TimeoutException`\n        :returns: the result of the last call to `method`\n        :raises: :exc:`selenium.common.exceptions.TimeoutException` if timeout occurs\n        \"\"\"\n        screen = None\n        stacktrace = None\n    \n        end_time = time.monotonic() + self._timeout\n        while True:\n            try:\n                value = method(self._driver)\n                if value:\n                    return value\n            except self._ignored_exceptions as exc:\n                screen = getattr(exc, \"screen\", None)\n                stacktrace = getattr(exc, \"stacktrace\", None)\n            time.sleep(self._poll)\n            if time.monotonic() > end_time:\n                break\n>       raise TimeoutException(message, screen, stacktrace)\nE       selenium.common.exceptions.TimeoutException: Message: \nE       Stacktrace:\nE       #0 0x5e197a0b4f83 <unknown>\nE       #1 0x5e1979d6dcf7 <unknown>\nE       #2 0x5e1979dbd99e <unknown>\nE       #3 0x5e1979dbdaa1 <unknown>\nE       #4 0x5e1979e08d64 <unknown>\nE       #5 0x5e1979de70dd <unknown>\nE       #6 0x5e1979e06006 <unknown>\nE       #7 0x5e1979de6e53 <unknown>\nE       #8 0x5e1979daedd4 <unknown>\nE       #9 0x5e1979db01de <unknown>\nE       #10 0x5e197a079531 <unknown>\nE       #11 0x5e197a07d455 <unknown>\nE       #12 0x5e197a065f55 <unknown>\nE       #13 0x5e197a07e0ef <unknown>\nE       #14 0x5e197a04999f <unknown>\nE       #15 0x5e197a0a2008 <unknown>\nE       #16 0x5e197a0a21d7 <unknown>\nE       #17 0x5e197a0b4124 <unknown>\nE       #18 0x7035f7294ac3 <unknown>\n\n.venv/lib/python3.10/site-packages/selenium/webdriver/support/wait.py:105: TimeoutException"}, "attachments": [{"name": "log", "source": "e0c5fa25-49ee-4405-92b7-247b10ba0cd6-attachment.txt", "type": "text/plain"}], "start": 1722157183158, "stop": 1722157186340, "uuid": "162a1415-60f7-42a5-8d57-89c1d38fd024", "historyId": "21813d33a0e975a47724fa6b311678a1", "testCaseId": "21813d33a0e975a47724fa6b311678a1", "fullName": "tests.test_del_goods#test_del_prod", "labels": [{"name": "tag", "value": "@pytest.mark.usefixtures('browser')"}, {"name": "parentSuite", "value": "tests"}, {"name": "suite", "value": "test_del_goods"}, {"name": "host", "value": "we"}, {"name": "thread", "value": "13753-MainThread"}, {"name": "framework", "value": "pytest"}, {"name": "language", "value": "cpython3"}, {"name": "package", "value": "tests.test_del_goods"}]}