{"name": "test_login", "status": "broken", "statusDetails": {"message": "selenium.common.exceptions.TimeoutException: Message: \nStacktrace:\n#0 0x57a693ca4f83 <unknown>\n#1 0x57a69395dcf7 <unknown>\n#2 0x57a6939ad99e <unknown>\n#3 0x57a6939adaa1 <unknown>\n#4 0x57a6939f8d64 <unknown>\n#5 0x57a6939d70dd <unknown>\n#6 0x57a6939f6006 <unknown>\n#7 0x57a6939d6e53 <unknown>\n#8 0x57a69399edd4 <unknown>\n#9 0x57a6939a01de <unknown>\n#10 0x57a693c69531 <unknown>\n#11 0x57a693c6d455 <unknown>\n#12 0x57a693c55f55 <unknown>\n#13 0x57a693c6e0ef <unknown>\n#14 0x57a693c3999f <unknown>\n#15 0x57a693c92008 <unknown>\n#16 0x57a693c921d7 <unknown>\n#17 0x57a693ca4124 <unknown>\n#18 0x7b3fa2e94ac3 <unknown>", "trace": "browser = <selenium.webdriver.chrome.webdriver.WebDriver (session=\"dc9916bd75d9bac1270533d21c02b2b8\")>\n\n    @pytest.mark.usefixtures(\"browser\")\n    def test_login(browser):\n        logger.info('====== Started: {} ======'.format(int(time.time())))\n        try:\n            with allure.step('Navigating to Main Page and clicking My Account'):\n                logger.debug('Navigating to Main Page')\n                main_page = MainPage(browser)\n                logger.debug('Clicking My Account')\n>               main_page.click_my_account()\n\ntests/test_login.py:29: \n_ _ _ _ _ _ _ _ _ _ _ _ _ _ _ _ _ _ _ _ _ _ _ _ _ _ _ _ _ _ _ _ _ _ _ _ _ _ _ _ _ _ _ _ _ _ _ _ _ _ _ _ _ _ _ _ _ _ _ _ _ _ _ _ _ _ _ _ _ \npage_objects/main_page.py:26: in click_my_account\n    self.click(self.MY_ACC)\npage_objects/base_page.py:25: in click\n    ActionChains(self.browser).move_to_element(self.get_element(locator)).pause(0.3).click().perform()\npage_objects/base_page.py:19: in get_element\n    return WebDriverWait(self.browser, timeout).until(EC.visibility_of_element_located(locator))\n_ _ _ _ _ _ _ _ _ _ _ _ _ _ _ _ _ _ _ _ _ _ _ _ _ _ _ _ _ _ _ _ _ _ _ _ _ _ _ _ _ _ _ _ _ _ _ _ _ _ _ _ _ _ _ _ _ _ _ _ _ _ _ _ _ _ _ _ _ \n\nself = <selenium.webdriver.support.wait.WebDriverWait (session=\"dc9916bd75d9bac1270533d21c02b2b8\")>\nmethod = <function visibility_of_element_located.<locals>._predicate at 0x729bd82ca4d0>, message = ''\n\n    def until(self, method: Callable[[D], Union[Literal[False], T]], message: str = \"\") -> T:\n        \"\"\"Calls the method provided with the driver as an argument until the \\\n        return value does not evaluate to ``False``.\n    \n        :param method: callable(WebDriver)\n        :param message: optional message for :exc:`TimeoutException`\n        :returns: the result of the last call to `method`\n        :raises: :exc:`selenium.common.exceptions.TimeoutException` if timeout occurs\n        \"\"\"\n        screen = None\n        stacktrace = None\n    \n        end_time = time.monotonic() + self._timeout\n        while True:\n            try:\n                value = method(self._driver)\n                if value:\n                    return value\n            except self._ignored_exceptions as exc:\n                screen = getattr(exc, \"screen\", None)\n                stacktrace = getattr(exc, \"stacktrace\", None)\n            time.sleep(self._poll)\n            if time.monotonic() > end_time:\n                break\n>       raise TimeoutException(message, screen, stacktrace)\nE       selenium.common.exceptions.TimeoutException: Message: \nE       Stacktrace:\nE       #0 0x57a693ca4f83 <unknown>\nE       #1 0x57a69395dcf7 <unknown>\nE       #2 0x57a6939ad99e <unknown>\nE       #3 0x57a6939adaa1 <unknown>\nE       #4 0x57a6939f8d64 <unknown>\nE       #5 0x57a6939d70dd <unknown>\nE       #6 0x57a6939f6006 <unknown>\nE       #7 0x57a6939d6e53 <unknown>\nE       #8 0x57a69399edd4 <unknown>\nE       #9 0x57a6939a01de <unknown>\nE       #10 0x57a693c69531 <unknown>\nE       #11 0x57a693c6d455 <unknown>\nE       #12 0x57a693c55f55 <unknown>\nE       #13 0x57a693c6e0ef <unknown>\nE       #14 0x57a693c3999f <unknown>\nE       #15 0x57a693c92008 <unknown>\nE       #16 0x57a693c921d7 <unknown>\nE       #17 0x57a693ca4124 <unknown>\nE       #18 0x7b3fa2e94ac3 <unknown>\n\n.venv/lib/python3.10/site-packages/selenium/webdriver/support/wait.py:105: TimeoutException"}, "steps": [{"name": "Navigating to Main Page and clicking My Account", "status": "broken", "statusDetails": {"message": "selenium.common.exceptions.TimeoutException: Message: \nStacktrace:\n#0 0x57a693ca4f83 <unknown>\n#1 0x57a69395dcf7 <unknown>\n#2 0x57a6939ad99e <unknown>\n#3 0x57a6939adaa1 <unknown>\n#4 0x57a6939f8d64 <unknown>\n#5 0x57a6939d70dd <unknown>\n#6 0x57a6939f6006 <unknown>\n#7 0x57a6939d6e53 <unknown>\n#8 0x57a69399edd4 <unknown>\n#9 0x57a6939a01de <unknown>\n#10 0x57a693c69531 <unknown>\n#11 0x57a693c6d455 <unknown>\n#12 0x57a693c55f55 <unknown>\n#13 0x57a693c6e0ef <unknown>\n#14 0x57a693c3999f <unknown>\n#15 0x57a693c92008 <unknown>\n#16 0x57a693c921d7 <unknown>\n#17 0x57a693ca4124 <unknown>\n#18 0x7b3fa2e94ac3 <unknown>\n\n", "trace": "  File \"/home/we/Desktop/Projects/Python/pyOtus/tests/test_login.py\", line 29, in test_login\n    main_page.click_my_account()\n  File \"/home/we/Desktop/Projects/Python/pyOtus/page_objects/main_page.py\", line 26, in click_my_account\n    self.click(self.MY_ACC)\n  File \"/home/we/Desktop/Projects/Python/pyOtus/page_objects/base_page.py\", line 25, in click\n    ActionChains(self.browser).move_to_element(self.get_element(locator)).pause(0.3).click().perform()\n  File \"/home/we/Desktop/Projects/Python/pyOtus/page_objects/base_page.py\", line 19, in get_element\n    return WebDriverWait(self.browser, timeout).until(EC.visibility_of_element_located(locator))\n  File \"/home/we/Desktop/Projects/Python/pyOtus/.venv/lib/python3.10/site-packages/selenium/webdriver/support/wait.py\", line 105, in until\n    raise TimeoutException(message, screen, stacktrace)\n"}, "start": 1722156760599, "stop": 1722156763754}], "attachments": [{"name": "Error", "source": "1aa42970-092c-4c3c-8d3d-eeec5b9e9fba-attachment.png", "type": "image/png"}, {"name": "log", "source": "7afd91cb-78ab-4f7e-9776-09bd2bf23e4f-attachment.txt", "type": "text/plain"}], "start": 1722156760598, "stop": 1722156763860, "uuid": "e8565181-0116-4f33-bf53-c2340c8d4aba", "historyId": "a707b9555172d26c5c1ec2d556e674f3", "testCaseId": "a707b9555172d26c5c1ec2d556e674f3", "fullName": "tests.test_login#test_login", "labels": [{"name": "tag", "value": "@pytest.mark.usefixtures('browser')"}, {"name": "parentSuite", "value": "tests"}, {"name": "suite", "value": "test_login"}, {"name": "host", "value": "we"}, {"name": "thread", "value": "11322-MainThread"}, {"name": "framework", "value": "pytest"}, {"name": "language", "value": "cpython3"}, {"name": "package", "value": "tests.test_login"}]}