{"name": "test_login", "status": "failed", "statusDetails": {"message": "AssertionError: тест провален DUDE!!\nassert 'Address Book' == 'My Account'\n  - My Account\n  + Address Book", "trace": "browser = <selenium.webdriver.chrome.webdriver.WebDriver (session=\"5f741a3c38932e4d1946f495b0176e99\")>\n\n    @pytest.mark.usefixtures(\"browser\")\n    def test_login(browser):\n        logger.info('====== Started: {} ======'.format(int(time.time())))\n        try:\n            with allure.step('Navigating to Main Page and clicking My Account'):\n                logger.debug('Navigating to Main Page')\n                main_page = MainPage(browser)\n                logger.debug('Clicking My Account')\n                main_page.click_my_account()\n                take_screenshot(browser, 'Main Page - My Account')\n    \n            with allure.step('Clicking Register User'):\n                logger.debug('Clicking Register User')\n                main_page.click_register_user()\n                take_screenshot(browser, 'Main Page - Register User')\n    \n            with allure.step('Filling registration form'):\n                logger.debug('Filling registration form')\n                register_user = RegisterUser(browser)\n                register_user.fill_registration_form()\n                take_screenshot(browser, 'Registration Form Filled')\n    \n            with allure.step('Agreeing to terms and conditions'):\n                logger.debug('Agreeing to terms and conditions')\n                register_user.click_check_box()\n                take_screenshot(browser, 'Agreed to Terms and Conditions')\n    \n            with allure.step('Submitting registration form'):\n                logger.debug('Submitting registration form')\n                register_user.submit()\n                take_screenshot(browser, 'Registration Form Submitted')\n    \n            with allure.step('Accepting registration'):\n                logger.debug('Accepting registration')\n                register_user.accept()\n                take_screenshot(browser, 'Registration Accepted')\n    \n            with allure.step('Logging out new user'):\n                logger.debug('Logging out new user')\n                register_user.logout()\n                take_screenshot(browser, 'User Logged Out')\n    \n            with allure.step('Navigating back to My Account and clicking Login'):\n                logger.debug('Navigating back to My Account')\n                main_page.click_my_account()\n                logger.debug('Clicking Login')\n                main_page.click_login()\n                take_screenshot(browser, 'Main Page - Login')\n    \n            with allure.step('Entering login credentials and submitting'):\n                logger.debug('Entering login credentials')\n                register_user.input_data(RegisterUser.INPUT_EMAIL, RegisterUser.EMAIL)\n                register_user.input_data(RegisterUser.INPUT_PASSWD, RegisterUser.PASSWD)\n                logger.debug('Submitting login form')\n                browser.find_element(By.CSS_SELECTOR, \"button[type='submit']\").click()\n                take_screenshot(browser, 'Login Form Submitted')\n    \n            with allure.step('Checking if \"My Account\" link is present'):\n                logger.debug('Checking if \"My Account\" link is present')\n                check = WebDriverWait(browser, 2).until(\n                    EC.presence_of_element_located((By.CSS_SELECTOR, \"#column-right > div > a:nth-child(4)\")))\n>               assert check.text == 'My Account', \"тест провален DUDE!!\"\nE               AssertionError: тест провален DUDE!!\nE               assert 'Address Book' == 'My Account'\nE                 - My Account\nE                 + Address Book\n\ntests/test_login.py:82: AssertionError"}, "steps": [{"name": "Navigating to Main Page and clicking My Account", "status": "passed", "attachments": [{"name": "Main Page - My Account", "source": "70ae93d1-ec5d-44e2-b5a6-5ecf9dcf7601-attachment.png", "type": "image/png"}], "start": 1722156257445, "stop": 1722156258227}, {"name": "Clicking Register User", "status": "passed", "attachments": [{"name": "Main Page - Register User", "source": "e7dfaca0-b5b6-4d4b-8fbc-a6df7c273532-attachment.png", "type": "image/png"}], "start": 1722156258227, "stop": 1722156259080}, {"name": "Filling registration form", "status": "passed", "attachments": [{"name": "Registration Form Filled", "source": "a22cafef-d44f-4feb-85a8-35bea82ba3fa-attachment.png", "type": "image/png"}], "start": 1722156259080, "stop": 1722156262132}, {"name": "Agreeing to terms and conditions", "status": "passed", "attachments": [{"name": "Agreed to Terms and Conditions", "source": "f71f91fe-6646-44c0-9177-83a3589f4a04-attachment.png", "type": "image/png"}], "start": 1722156262132, "stop": 1722156262850}, {"name": "Submitting registration form", "status": "passed", "attachments": [{"name": "Registration Form Submitted", "source": "b5f89f8c-1bf6-406c-a0a9-1d92c6e54d0a-attachment.png", "type": "image/png"}], "start": 1722156262850, "stop": 1722156263590}, {"name": "Accepting registration", "status": "passed", "attachments": [{"name": "Registration Accepted", "source": "82252c2e-e4aa-4f7b-b1f2-bd724e89296e-attachment.png", "type": "image/png"}], "start": 1722156263590, "stop": 1722156265020}, {"name": "Logging out new user", "status": "passed", "attachments": [{"name": "User Logged Out", "source": "3785135c-8313-4e15-83f9-7c6062445e69-attachment.png", "type": "image/png"}], "start": 1722156265020, "stop": 1722156265967}, {"name": "Navigating back to My Account and clicking Login", "status": "passed", "attachments": [{"name": "Main Page - Login", "source": "5568c342-83cc-40b9-b9a6-7626e7eb8ff6-attachment.png", "type": "image/png"}], "start": 1722156265967, "stop": 1722156267417}, {"name": "Entering login credentials and submitting", "status": "passed", "attachments": [{"name": "Login Form Submitted", "source": "c283e552-e18f-4add-849e-3c5ac9199a41-attachment.png", "type": "image/png"}], "start": 1722156267417, "stop": 1722156269798}, {"name": "Checking if \"My Account\" link is present", "status": "failed", "statusDetails": {"message": "AssertionError: тест провален DUDE!!\nassert 'Address Book' == 'My Account'\n  - My Account\n  + Address Book\n", "trace": "  File \"/home/we/Desktop/Projects/Python/pyOtus/tests/test_login.py\", line 82, in test_login\n    assert check.text == 'My Account', \"тест провален DUDE!!\"\n"}, "start": 1722156269798, "stop": 1722156269817}], "attachments": [{"name": "Error", "source": "8654ce4e-c00c-44b7-bfe3-e77c50e345f7-attachment.png", "type": "image/png"}, {"name": "log", "source": "e570caf6-4f4b-4d41-a103-8f9de04e8ae3-attachment.txt", "type": "text/plain"}], "start": 1722156257441, "stop": 1722156269942, "uuid": "6eafaa66-f101-4e8f-95cb-2dbd5d1daac8", "historyId": "a707b9555172d26c5c1ec2d556e674f3", "testCaseId": "a707b9555172d26c5c1ec2d556e674f3", "fullName": "tests.test_login#test_login", "labels": [{"name": "tag", "value": "@pytest.mark.usefixtures('browser')"}, {"name": "parentSuite", "value": "tests"}, {"name": "suite", "value": "test_login"}, {"name": "host", "value": "we"}, {"name": "thread", "value": "9176-MainThread"}, {"name": "framework", "value": "pytest"}, {"name": "language", "value": "cpython3"}, {"name": "package", "value": "tests.test_login"}]}