{"name": "test_del_prod", "status": "broken", "statusDetails": {"message": "selenium.common.exceptions.TimeoutException: Message: \nStacktrace:\n#0 0x63b731065f83 <unknown>\n#1 0x63b730d1ecf7 <unknown>\n#2 0x63b730d6e99e <unknown>\n#3 0x63b730d6eaa1 <unknown>\n#4 0x63b730db9d64 <unknown>\n#5 0x63b730d980dd <unknown>\n#6 0x63b730db7006 <unknown>\n#7 0x63b730d97e53 <unknown>\n#8 0x63b730d5fdd4 <unknown>\n#9 0x63b730d611de <unknown>\n#10 0x63b73102a531 <unknown>\n#11 0x63b73102e455 <unknown>\n#12 0x63b731016f55 <unknown>\n#13 0x63b73102f0ef <unknown>\n#14 0x63b730ffa99f <unknown>\n#15 0x63b731053008 <unknown>\n#16 0x63b7310531d7 <unknown>\n#17 0x63b731065124 <unknown>\n#18 0x77866bc94ac3 <unknown>", "trace": "browser = <selenium.webdriver.chrome.webdriver.WebDriver (session=\"c06ce55f0f4435ad10f2639a4878a048\")>\n\n    @pytest.mark.usefixtures(\"browser\")\n    def test_del_prod(browser):\n        logger.info('====== Started: {} ======'.format(int(time.time())))\n        try:\n            logger.debug('Opening Admin Page')\n            admin_page = AdminPage(browser)\n    \n            logger.debug('Inputting admin credentials')\n>           admin_page.input_admin_credentials()\n\ntests/test_del_goods.py:21: \n_ _ _ _ _ _ _ _ _ _ _ _ _ _ _ _ _ _ _ _ _ _ _ _ _ _ _ _ _ _ _ _ _ _ _ _ _ _ _ _ _ _ _ _ _ _ _ _ _ _ _ _ _ _ _ _ _ _ _ _ _ _ _ _ _ _ _ _ _ \npage_objects/admin_page.py:29: in input_admin_credentials\n    self.input_value(self.INPUT_NAME, self.ADMIN_NAME)\npage_objects/base_page.py:29: in input_value\n    self.get_element(locator).click()\npage_objects/base_page.py:19: in get_element\n    return WebDriverWait(self.browser, timeout).until(EC.visibility_of_element_located(locator))\n_ _ _ _ _ _ _ _ _ _ _ _ _ _ _ _ _ _ _ _ _ _ _ _ _ _ _ _ _ _ _ _ _ _ _ _ _ _ _ _ _ _ _ _ _ _ _ _ _ _ _ _ _ _ _ _ _ _ _ _ _ _ _ _ _ _ _ _ _ \n\nself = <selenium.webdriver.support.wait.WebDriverWait (session=\"c06ce55f0f4435ad10f2639a4878a048\")>\nmethod = <function visibility_of_element_located.<locals>._predicate at 0x7d44926c8dc0>, message = ''\n\n    def until(self, method: Callable[[D], Union[Literal[False], T]], message: str = \"\") -> T:\n        \"\"\"Calls the method provided with the driver as an argument until the \\\n        return value does not evaluate to ``False``.\n    \n        :param method: callable(WebDriver)\n        :param message: optional message for :exc:`TimeoutException`\n        :returns: the result of the last call to `method`\n        :raises: :exc:`selenium.common.exceptions.TimeoutException` if timeout occurs\n        \"\"\"\n        screen = None\n        stacktrace = None\n    \n        end_time = time.monotonic() + self._timeout\n        while True:\n            try:\n                value = method(self._driver)\n                if value:\n                    return value\n            except self._ignored_exceptions as exc:\n                screen = getattr(exc, \"screen\", None)\n                stacktrace = getattr(exc, \"stacktrace\", None)\n            time.sleep(self._poll)\n            if time.monotonic() > end_time:\n                break\n>       raise TimeoutException(message, screen, stacktrace)\nE       selenium.common.exceptions.TimeoutException: Message: \nE       Stacktrace:\nE       #0 0x63b731065f83 <unknown>\nE       #1 0x63b730d1ecf7 <unknown>\nE       #2 0x63b730d6e99e <unknown>\nE       #3 0x63b730d6eaa1 <unknown>\nE       #4 0x63b730db9d64 <unknown>\nE       #5 0x63b730d980dd <unknown>\nE       #6 0x63b730db7006 <unknown>\nE       #7 0x63b730d97e53 <unknown>\nE       #8 0x63b730d5fdd4 <unknown>\nE       #9 0x63b730d611de <unknown>\nE       #10 0x63b73102a531 <unknown>\nE       #11 0x63b73102e455 <unknown>\nE       #12 0x63b731016f55 <unknown>\nE       #13 0x63b73102f0ef <unknown>\nE       #14 0x63b730ffa99f <unknown>\nE       #15 0x63b731053008 <unknown>\nE       #16 0x63b7310531d7 <unknown>\nE       #17 0x63b731065124 <unknown>\nE       #18 0x77866bc94ac3 <unknown>\n\n.venv/lib/python3.10/site-packages/selenium/webdriver/support/wait.py:105: TimeoutException"}, "attachments": [{"name": "log", "source": "719ac2a3-cc8c-437c-89dd-389a8ac2c828-attachment.txt", "type": "text/plain"}], "start": 1722156252772, "stop": 1722156255956, "uuid": "569e7e45-7c00-400f-ba55-753314da4a6d", "historyId": "21813d33a0e975a47724fa6b311678a1", "testCaseId": "21813d33a0e975a47724fa6b311678a1", "fullName": "tests.test_del_goods#test_del_prod", "labels": [{"name": "tag", "value": "@pytest.mark.usefixtures('browser')"}, {"name": "parentSuite", "value": "tests"}, {"name": "suite", "value": "test_del_goods"}, {"name": "host", "value": "we"}, {"name": "thread", "value": "9176-MainThread"}, {"name": "framework", "value": "pytest"}, {"name": "language", "value": "cpython3"}, {"name": "package", "value": "tests.test_del_goods"}]}