{"name": "test_login", "status": "failed", "statusDetails": {"message": "AssertionError: тест провален DUDE!!\nassert 'Address Book' == 'My Account'\n  - My Account\n  + Address Book", "trace": "browser = <selenium.webdriver.chrome.webdriver.WebDriver (session=\"1332a8b3ecc887ba3067411ce70573d2\")>\n\n    @pytest.mark.usefixtures(\"browser\")\n    def test_login(browser):\n        logger.info('====== Started: {} ======'.format(int(time.time())))\n        try:\n            with allure.step('Navigating to Main Page and clicking My Account'):\n                logger.debug('Navigating to Main Page')\n                main_page = MainPage(browser)\n                logger.debug('Clicking My Account')\n                main_page.click_my_account()\n                take_screenshot(browser, 'Main Page - My Account')\n    \n            with allure.step('Clicking Register User'):\n                logger.debug('Clicking Register User')\n                main_page.click_register_user()\n                take_screenshot(browser, 'Main Page - Register User')\n    \n            with allure.step('Filling registration form'):\n                logger.debug('Filling registration form')\n                register_user = RegisterUser(browser)\n                register_user.input_data_first_name()\n                register_user.input_data_second_name()\n                register_user.input_data_email()\n                register_user.input_data_passwd()\n                take_screenshot(browser, 'Registration Form Filled')\n    \n            with allure.step('Agreeing to terms and conditions'):\n                logger.debug('Agreeing to terms and conditions')\n                register_user.click_check_box()\n                take_screenshot(browser, 'Agreed to Terms and Conditions')\n    \n            with allure.step('Submitting registration form'):\n                logger.debug('Submitting registration form')\n                register_user.submit()\n                take_screenshot(browser, 'Registration Form Submitted')\n    \n            with allure.step('Accepting registration'):\n                logger.debug('Accepting registration')\n                register_user.accept()\n                take_screenshot(browser, 'Registration Accepted')\n    \n            with allure.step('Logging out new user'):\n                logger.debug('Logging out new user')\n                register_user.logout()\n                take_screenshot(browser, 'User Logged Out')\n    \n            with allure.step('Navigating back to My Account and clicking Login'):\n                logger.debug('Navigating back to My Account')\n                main_page.click_my_account()\n                logger.debug('Clicking Login')\n                main_page.click_login()\n                take_screenshot(browser, 'Main Page - Login')\n    \n            with allure.step('Entering login credentials and submitting'):\n                logger.debug('Entering login credentials')\n                register_user.input_data_email()\n                register_user.input_data_passwd()\n                logger.debug('Submitting login form')\n                browser.find_element(By.CSS_SELECTOR, \"button[type='submit']\").click()\n                take_screenshot(browser, 'Login Form Submitted')\n    \n            with allure.step('Checking if \"My Account\" link is present'):\n                logger.debug('Checking if \"My Account\" link is present')\n                check = WebDriverWait(browser, 2).until(\n                    EC.presence_of_element_located((By.CSS_SELECTOR, \"#column-right > div > a:nth-child(4)\")))\n>               assert check.text == 'My Account', \"тест провален DUDE!!\"\nE               AssertionError: тест провален DUDE!!\nE               assert 'Address Book' == 'My Account'\nE                 - My Account\nE                 + Address Book\n\ntests/test_login.py:87: AssertionError"}, "steps": [{"name": "Navigating to Main Page and clicking My Account", "status": "passed", "attachments": [{"name": "Main Page - My Account", "source": "78178f62-63d9-4a62-8c24-d4601bd16d54-attachment.png", "type": "image/png"}], "start": 1722019379515, "stop": 1722019380307}, {"name": "Clicking Register User", "status": "passed", "attachments": [{"name": "Main Page - Register User", "source": "4365410c-794c-40e5-ad89-0cfbce377129-attachment.png", "type": "image/png"}], "start": 1722019380307, "stop": 1722019381205}, {"name": "Filling registration form", "status": "passed", "attachments": [{"name": "Registration Form Filled", "source": "dff26b64-acdd-49c3-92de-9f56a6146ed1-attachment.png", "type": "image/png"}], "start": 1722019381205, "stop": 1722019384295}, {"name": "Agreeing to terms and conditions", "status": "passed", "attachments": [{"name": "Agreed to Terms and Conditions", "source": "590fec16-d32f-4a69-a048-1b64e6cc647b-attachment.png", "type": "image/png"}], "start": 1722019384295, "stop": 1722019385011}, {"name": "Submitting registration form", "status": "passed", "attachments": [{"name": "Registration Form Submitted", "source": "ec9fb104-b2fb-42b8-8337-529cea1adc45-attachment.png", "type": "image/png"}], "start": 1722019385011, "stop": 1722019385702}, {"name": "Accepting registration", "status": "passed", "attachments": [{"name": "Registration Accepted", "source": "312418e7-6446-4be4-b69d-c9d52d061ee5-attachment.png", "type": "image/png"}], "start": 1722019385702, "stop": 1722019386404}, {"name": "Logging out new user", "status": "passed", "attachments": [{"name": "User Logged Out", "source": "9442ab33-360c-490b-9c76-017063ba496a-attachment.png", "type": "image/png"}], "start": 1722019386404, "stop": 1722019387280}, {"name": "Navigating back to My Account and clicking Login", "status": "passed", "attachments": [{"name": "Main Page - Login", "source": "3af1ba07-9afc-4e4b-aba8-3c34ea2d4e9e-attachment.png", "type": "image/png"}], "start": 1722019387280, "stop": 1722019388773}, {"name": "Entering login credentials and submitting", "status": "passed", "attachments": [{"name": "Login Form Submitted", "source": "c2a6fd07-0d67-40a5-a136-816c61250fb7-attachment.png", "type": "image/png"}], "start": 1722019388773, "stop": 1722019390987}, {"name": "Checking if \"My Account\" link is present", "status": "failed", "statusDetails": {"message": "AssertionError: тест провален DUDE!!\nassert 'Address Book' == 'My Account'\n  - My Account\n  + Address Book\n", "trace": "  File \"/home/we/Desktop/Projects/Python/pyOtus/tests/test_login.py\", line 87, in test_login\n    assert check.text == 'My Account', \"тест провален DUDE!!\"\n"}, "start": 1722019390987, "stop": 1722019391012}], "attachments": [{"name": "Error", "source": "ed7184db-7df0-4be3-84a8-1cc680da4bbb-attachment.png", "type": "image/png"}, {"name": "log", "source": "68b2d767-37df-43a7-9791-c8e7783e3f82-attachment.txt", "type": "text/plain"}], "start": 1722019379515, "stop": 1722019391139, "uuid": "77f3fea2-10aa-4c0b-8456-10650f6d0286", "historyId": "a707b9555172d26c5c1ec2d556e674f3", "testCaseId": "a707b9555172d26c5c1ec2d556e674f3", "fullName": "tests.test_login#test_login", "labels": [{"name": "tag", "value": "@pytest.mark.usefixtures('browser')"}, {"name": "parentSuite", "value": "tests"}, {"name": "suite", "value": "test_login"}, {"name": "host", "value": "we"}, {"name": "thread", "value": "11700-MainThread"}, {"name": "framework", "value": "pytest"}, {"name": "language", "value": "cpython3"}, {"name": "package", "value": "tests.test_login"}]}