{"name": "test_del_prod", "status": "broken", "statusDetails": {"message": "selenium.common.exceptions.TimeoutException: Message: \nStacktrace:\n#0 0x5e8863560f83 <unknown>\n#1 0x5e8863219cf7 <unknown>\n#2 0x5e886326999e <unknown>\n#3 0x5e8863269aa1 <unknown>\n#4 0x5e88632b4d64 <unknown>\n#5 0x5e88632930dd <unknown>\n#6 0x5e88632b2006 <unknown>\n#7 0x5e8863292e53 <unknown>\n#8 0x5e886325add4 <unknown>\n#9 0x5e886325c1de <unknown>\n#10 0x5e8863525531 <unknown>\n#11 0x5e8863529455 <unknown>\n#12 0x5e8863511f55 <unknown>\n#13 0x5e886352a0ef <unknown>\n#14 0x5e88634f599f <unknown>\n#15 0x5e886354e008 <unknown>\n#16 0x5e886354e1d7 <unknown>\n#17 0x5e8863560124 <unknown>\n#18 0x76d81fe94ac3 <unknown>", "trace": "browser = <selenium.webdriver.chrome.webdriver.WebDriver (session=\"34765bf834ad85356fd75be7533a2769\")>\n\n    @pytest.mark.usefixtures(\"browser\")\n    def test_del_prod(browser):\n        logger.info('====== Started: {} ======'.format(int(time.time())))\n        try:\n            logger.debug('Opening Admin Page')\n            admin_page = AdminPage(browser)\n    \n            logger.debug('Inputting admin credentials')\n>           admin_page.input_admin_credentials()\n\ntests/test_del_goods.py:21: \n_ _ _ _ _ _ _ _ _ _ _ _ _ _ _ _ _ _ _ _ _ _ _ _ _ _ _ _ _ _ _ _ _ _ _ _ _ _ _ _ _ _ _ _ _ _ _ _ _ _ _ _ _ _ _ _ _ _ _ _ _ _ _ _ _ _ _ _ _ \npage_objects/admin_page.py:29: in input_admin_credentials\n    self.input_value(self.INPUT_NAME, self.ADMIN_NAME)\npage_objects/base_page.py:29: in input_value\n    self.get_element(locator).click()\npage_objects/base_page.py:19: in get_element\n    return WebDriverWait(self.browser, timeout).until(EC.visibility_of_element_located(locator))\n_ _ _ _ _ _ _ _ _ _ _ _ _ _ _ _ _ _ _ _ _ _ _ _ _ _ _ _ _ _ _ _ _ _ _ _ _ _ _ _ _ _ _ _ _ _ _ _ _ _ _ _ _ _ _ _ _ _ _ _ _ _ _ _ _ _ _ _ _ \n\nself = <selenium.webdriver.support.wait.WebDriverWait (session=\"34765bf834ad85356fd75be7533a2769\")>\nmethod = <function visibility_of_element_located.<locals>._predicate at 0x7454cb2f0ee0>, message = ''\n\n    def until(self, method: Callable[[D], Union[Literal[False], T]], message: str = \"\") -> T:\n        \"\"\"Calls the method provided with the driver as an argument until the \\\n        return value does not evaluate to ``False``.\n    \n        :param method: callable(WebDriver)\n        :param message: optional message for :exc:`TimeoutException`\n        :returns: the result of the last call to `method`\n        :raises: :exc:`selenium.common.exceptions.TimeoutException` if timeout occurs\n        \"\"\"\n        screen = None\n        stacktrace = None\n    \n        end_time = time.monotonic() + self._timeout\n        while True:\n            try:\n                value = method(self._driver)\n                if value:\n                    return value\n            except self._ignored_exceptions as exc:\n                screen = getattr(exc, \"screen\", None)\n                stacktrace = getattr(exc, \"stacktrace\", None)\n            time.sleep(self._poll)\n            if time.monotonic() > end_time:\n                break\n>       raise TimeoutException(message, screen, stacktrace)\nE       selenium.common.exceptions.TimeoutException: Message: \nE       Stacktrace:\nE       #0 0x5e8863560f83 <unknown>\nE       #1 0x5e8863219cf7 <unknown>\nE       #2 0x5e886326999e <unknown>\nE       #3 0x5e8863269aa1 <unknown>\nE       #4 0x5e88632b4d64 <unknown>\nE       #5 0x5e88632930dd <unknown>\nE       #6 0x5e88632b2006 <unknown>\nE       #7 0x5e8863292e53 <unknown>\nE       #8 0x5e886325add4 <unknown>\nE       #9 0x5e886325c1de <unknown>\nE       #10 0x5e8863525531 <unknown>\nE       #11 0x5e8863529455 <unknown>\nE       #12 0x5e8863511f55 <unknown>\nE       #13 0x5e886352a0ef <unknown>\nE       #14 0x5e88634f599f <unknown>\nE       #15 0x5e886354e008 <unknown>\nE       #16 0x5e886354e1d7 <unknown>\nE       #17 0x5e8863560124 <unknown>\nE       #18 0x76d81fe94ac3 <unknown>\n\n.venv/lib/python3.10/site-packages/selenium/webdriver/support/wait.py:105: TimeoutException"}, "attachments": [{"name": "log", "source": "2450d8e9-05eb-45eb-8e03-61aaeeddadae-attachment.txt", "type": "text/plain"}], "start": 1722156105153, "stop": 1722156108371, "uuid": "4555f32c-8a50-42a1-a522-73561e39e384", "historyId": "21813d33a0e975a47724fa6b311678a1", "testCaseId": "21813d33a0e975a47724fa6b311678a1", "fullName": "tests.test_del_goods#test_del_prod", "labels": [{"name": "tag", "value": "@pytest.mark.usefixtures('browser')"}, {"name": "parentSuite", "value": "tests"}, {"name": "suite", "value": "test_del_goods"}, {"name": "host", "value": "we"}, {"name": "thread", "value": "8203-MainThread"}, {"name": "framework", "value": "pytest"}, {"name": "language", "value": "cpython3"}, {"name": "package", "value": "tests.test_del_goods"}]}