{"name": "test_login", "status": "broken", "statusDetails": {"message": "selenium.common.exceptions.TimeoutException: Message: \nStacktrace:\n#0 0x642c61504f83 <unknown>\n#1 0x642c611bdcf7 <unknown>\n#2 0x642c6120d99e <unknown>\n#3 0x642c6120daa1 <unknown>\n#4 0x642c61258d64 <unknown>\n#5 0x642c612370dd <unknown>\n#6 0x642c61256006 <unknown>\n#7 0x642c61236e53 <unknown>\n#8 0x642c611fedd4 <unknown>\n#9 0x642c612001de <unknown>\n#10 0x642c614c9531 <unknown>\n#11 0x642c614cd455 <unknown>\n#12 0x642c614b5f55 <unknown>\n#13 0x642c614ce0ef <unknown>\n#14 0x642c6149999f <unknown>\n#15 0x642c614f2008 <unknown>\n#16 0x642c614f21d7 <unknown>\n#17 0x642c61504124 <unknown>\n#18 0x76788be94ac3 <unknown>", "trace": "browser = <selenium.webdriver.chrome.webdriver.WebDriver (session=\"34efe22d7c8ff2bb207e3926b03c7a12\")>\n\n    @pytest.mark.usefixtures(\"browser\")\n    def test_login(browser):\n        logger.info('====== Started: {} ======'.format(int(time.time())))\n        try:\n            with allure.step('Navigating to Main Page and clicking My Account'):\n                logger.debug('Navigating to Main Page')\n                main_page = MainPage(browser)\n                logger.debug('Clicking My Account')\n>               main_page.click_my_account()\n\ntests/test_login.py:29: \n_ _ _ _ _ _ _ _ _ _ _ _ _ _ _ _ _ _ _ _ _ _ _ _ _ _ _ _ _ _ _ _ _ _ _ _ _ _ _ _ _ _ _ _ _ _ _ _ _ _ _ _ _ _ _ _ _ _ _ _ _ _ _ _ _ _ _ _ _ \npage_objects/main_page.py:26: in click_my_account\n    self.click(self.MY_ACC)\npage_objects/base_page.py:25: in click\n    ActionChains(self.browser).move_to_element(self.get_element(locator)).pause(0.3).click().perform()\npage_objects/base_page.py:19: in get_element\n    return WebDriverWait(self.browser, timeout).until(EC.visibility_of_element_located(locator))\n_ _ _ _ _ _ _ _ _ _ _ _ _ _ _ _ _ _ _ _ _ _ _ _ _ _ _ _ _ _ _ _ _ _ _ _ _ _ _ _ _ _ _ _ _ _ _ _ _ _ _ _ _ _ _ _ _ _ _ _ _ _ _ _ _ _ _ _ _ \n\nself = <selenium.webdriver.support.wait.WebDriverWait (session=\"34efe22d7c8ff2bb207e3926b03c7a12\")>\nmethod = <function visibility_of_element_located.<locals>._predicate at 0x7e3ad2672440>, message = ''\n\n    def until(self, method: Callable[[D], Union[Literal[False], T]], message: str = \"\") -> T:\n        \"\"\"Calls the method provided with the driver as an argument until the \\\n        return value does not evaluate to ``False``.\n    \n        :param method: callable(WebDriver)\n        :param message: optional message for :exc:`TimeoutException`\n        :returns: the result of the last call to `method`\n        :raises: :exc:`selenium.common.exceptions.TimeoutException` if timeout occurs\n        \"\"\"\n        screen = None\n        stacktrace = None\n    \n        end_time = time.monotonic() + self._timeout\n        while True:\n            try:\n                value = method(self._driver)\n                if value:\n                    return value\n            except self._ignored_exceptions as exc:\n                screen = getattr(exc, \"screen\", None)\n                stacktrace = getattr(exc, \"stacktrace\", None)\n            time.sleep(self._poll)\n            if time.monotonic() > end_time:\n                break\n>       raise TimeoutException(message, screen, stacktrace)\nE       selenium.common.exceptions.TimeoutException: Message: \nE       Stacktrace:\nE       #0 0x642c61504f83 <unknown>\nE       #1 0x642c611bdcf7 <unknown>\nE       #2 0x642c6120d99e <unknown>\nE       #3 0x642c6120daa1 <unknown>\nE       #4 0x642c61258d64 <unknown>\nE       #5 0x642c612370dd <unknown>\nE       #6 0x642c61256006 <unknown>\nE       #7 0x642c61236e53 <unknown>\nE       #8 0x642c611fedd4 <unknown>\nE       #9 0x642c612001de <unknown>\nE       #10 0x642c614c9531 <unknown>\nE       #11 0x642c614cd455 <unknown>\nE       #12 0x642c614b5f55 <unknown>\nE       #13 0x642c614ce0ef <unknown>\nE       #14 0x642c6149999f <unknown>\nE       #15 0x642c614f2008 <unknown>\nE       #16 0x642c614f21d7 <unknown>\nE       #17 0x642c61504124 <unknown>\nE       #18 0x76788be94ac3 <unknown>\n\n.venv/lib/python3.10/site-packages/selenium/webdriver/support/wait.py:105: TimeoutException"}, "steps": [{"name": "Navigating to Main Page and clicking My Account", "status": "broken", "statusDetails": {"message": "selenium.common.exceptions.TimeoutException: Message: \nStacktrace:\n#0 0x642c61504f83 <unknown>\n#1 0x642c611bdcf7 <unknown>\n#2 0x642c6120d99e <unknown>\n#3 0x642c6120daa1 <unknown>\n#4 0x642c61258d64 <unknown>\n#5 0x642c612370dd <unknown>\n#6 0x642c61256006 <unknown>\n#7 0x642c61236e53 <unknown>\n#8 0x642c611fedd4 <unknown>\n#9 0x642c612001de <unknown>\n#10 0x642c614c9531 <unknown>\n#11 0x642c614cd455 <unknown>\n#12 0x642c614b5f55 <unknown>\n#13 0x642c614ce0ef <unknown>\n#14 0x642c6149999f <unknown>\n#15 0x642c614f2008 <unknown>\n#16 0x642c614f21d7 <unknown>\n#17 0x642c61504124 <unknown>\n#18 0x76788be94ac3 <unknown>\n\n", "trace": "  File \"/home/we/Desktop/Projects/Python/pyOtus/tests/test_login.py\", line 29, in test_login\n    main_page.click_my_account()\n  File \"/home/we/Desktop/Projects/Python/pyOtus/page_objects/main_page.py\", line 26, in click_my_account\n    self.click(self.MY_ACC)\n  File \"/home/we/Desktop/Projects/Python/pyOtus/page_objects/base_page.py\", line 25, in click\n    ActionChains(self.browser).move_to_element(self.get_element(locator)).pause(0.3).click().perform()\n  File \"/home/we/Desktop/Projects/Python/pyOtus/page_objects/base_page.py\", line 19, in get_element\n    return WebDriverWait(self.browser, timeout).until(EC.visibility_of_element_located(locator))\n  File \"/home/we/Desktop/Projects/Python/pyOtus/.venv/lib/python3.10/site-packages/selenium/webdriver/support/wait.py\", line 105, in until\n    raise TimeoutException(message, screen, stacktrace)\n"}, "start": 1722156929787, "stop": 1722156932943}], "attachments": [{"name": "Error", "source": "3d14ac97-0b25-4615-b322-386b3e59e023-attachment.png", "type": "image/png"}, {"name": "log", "source": "c1bc01af-b9b0-4f1c-b720-5f27c2196e1b-attachment.txt", "type": "text/plain"}], "start": 1722156929786, "stop": 1722156933051, "uuid": "4dbb83a8-8f1e-4d58-96aa-d226850fe779", "historyId": "a707b9555172d26c5c1ec2d556e674f3", "testCaseId": "a707b9555172d26c5c1ec2d556e674f3", "fullName": "tests.test_login#test_login", "labels": [{"name": "tag", "value": "@pytest.mark.usefixtures('browser')"}, {"name": "parentSuite", "value": "tests"}, {"name": "suite", "value": "test_login"}, {"name": "host", "value": "we"}, {"name": "thread", "value": "12333-MainThread"}, {"name": "framework", "value": "pytest"}, {"name": "language", "value": "cpython3"}, {"name": "package", "value": "tests.test_login"}]}