{"name": "test_add_new_goods", "status": "broken", "statusDetails": {"message": "selenium.common.exceptions.TimeoutException: Message: \nStacktrace:\n#0 0x60dff19c7f83 <unknown>\n#1 0x60dff1680cf7 <unknown>\n#2 0x60dff16d099e <unknown>\n#3 0x60dff16d0aa1 <unknown>\n#4 0x60dff171bd64 <unknown>\n#5 0x60dff16fa0dd <unknown>\n#6 0x60dff1719006 <unknown>\n#7 0x60dff16f9e53 <unknown>\n#8 0x60dff16c1dd4 <unknown>\n#9 0x60dff16c31de <unknown>\n#10 0x60dff198c531 <unknown>\n#11 0x60dff1990455 <unknown>\n#12 0x60dff1978f55 <unknown>\n#13 0x60dff19910ef <unknown>\n#14 0x60dff195c99f <unknown>\n#15 0x60dff19b5008 <unknown>\n#16 0x60dff19b51d7 <unknown>\n#17 0x60dff19c7124 <unknown>\n#18 0x75eebf494ac3 <unknown>", "trace": "browser = <selenium.webdriver.chrome.webdriver.WebDriver (session=\"426f80416c541b35703ac799934f6a7e\")>\n\n    @pytest.mark.usefixtures(\"browser\")\n    def test_add_new_goods(browser):\n        logger.info('====== Started: {} ======'.format(int(time.time())))\n        try:\n            logger.debug('Opening Admin Page')\n            admin_page = AdminPage(browser)\n    \n            logger.debug('Inputting admin name')\n>           admin_page.input_admin_name()\n\ntests/test_add_new_goods.py:22: \n_ _ _ _ _ _ _ _ _ _ _ _ _ _ _ _ _ _ _ _ _ _ _ _ _ _ _ _ _ _ _ _ _ _ _ _ _ _ _ _ _ _ _ _ _ _ _ _ _ _ _ _ _ _ _ _ _ _ _ _ _ _ _ _ _ _ _ _ _ \npage_objects/admin_page.py:41: in input_admin_name\n    self.input_value(self.INPUT_NAME, self.ADMIN_NAME)\npage_objects/base_page.py:29: in input_value\n    self.get_element(locator).click()\npage_objects/base_page.py:19: in get_element\n    return WebDriverWait(self.browser, timeout).until(EC.visibility_of_element_located(locator))\n_ _ _ _ _ _ _ _ _ _ _ _ _ _ _ _ _ _ _ _ _ _ _ _ _ _ _ _ _ _ _ _ _ _ _ _ _ _ _ _ _ _ _ _ _ _ _ _ _ _ _ _ _ _ _ _ _ _ _ _ _ _ _ _ _ _ _ _ _ \n\nself = <selenium.webdriver.support.wait.WebDriverWait (session=\"426f80416c541b35703ac799934f6a7e\")>\nmethod = <function visibility_of_element_located.<locals>._predicate at 0x7e46cf718160>, message = ''\n\n    def until(self, method: Callable[[D], Union[Literal[False], T]], message: str = \"\") -> T:\n        \"\"\"Calls the method provided with the driver as an argument until the \\\n        return value does not evaluate to ``False``.\n    \n        :param method: callable(WebDriver)\n        :param message: optional message for :exc:`TimeoutException`\n        :returns: the result of the last call to `method`\n        :raises: :exc:`selenium.common.exceptions.TimeoutException` if timeout occurs\n        \"\"\"\n        screen = None\n        stacktrace = None\n    \n        end_time = time.monotonic() + self._timeout\n        while True:\n            try:\n                value = method(self._driver)\n                if value:\n                    return value\n            except self._ignored_exceptions as exc:\n                screen = getattr(exc, \"screen\", None)\n                stacktrace = getattr(exc, \"stacktrace\", None)\n            time.sleep(self._poll)\n            if time.monotonic() > end_time:\n                break\n>       raise TimeoutException(message, screen, stacktrace)\nE       selenium.common.exceptions.TimeoutException: Message: \nE       Stacktrace:\nE       #0 0x60dff19c7f83 <unknown>\nE       #1 0x60dff1680cf7 <unknown>\nE       #2 0x60dff16d099e <unknown>\nE       #3 0x60dff16d0aa1 <unknown>\nE       #4 0x60dff171bd64 <unknown>\nE       #5 0x60dff16fa0dd <unknown>\nE       #6 0x60dff1719006 <unknown>\nE       #7 0x60dff16f9e53 <unknown>\nE       #8 0x60dff16c1dd4 <unknown>\nE       #9 0x60dff16c31de <unknown>\nE       #10 0x60dff198c531 <unknown>\nE       #11 0x60dff1990455 <unknown>\nE       #12 0x60dff1978f55 <unknown>\nE       #13 0x60dff19910ef <unknown>\nE       #14 0x60dff195c99f <unknown>\nE       #15 0x60dff19b5008 <unknown>\nE       #16 0x60dff19b51d7 <unknown>\nE       #17 0x60dff19c7124 <unknown>\nE       #18 0x75eebf494ac3 <unknown>\n\n.venv/lib/python3.10/site-packages/selenium/webdriver/support/wait.py:105: TimeoutException"}, "attachments": [{"name": "log", "source": "c121365c-f887-496e-b1f6-6226c3c7c887-attachment.txt", "type": "text/plain"}], "start": 1722019135334, "stop": 1722019138498, "uuid": "80aac1f0-fc59-42e8-853e-13fb684adfac", "historyId": "a8e04a047b226f4d2e97afa84f4f739a", "testCaseId": "a8e04a047b226f4d2e97afa84f4f739a", "fullName": "tests.test_add_new_goods#test_add_new_goods", "labels": [{"name": "tag", "value": "@pytest.mark.usefixtures('browser')"}, {"name": "parentSuite", "value": "tests"}, {"name": "suite", "value": "test_add_new_goods"}, {"name": "host", "value": "we"}, {"name": "thread", "value": "10684-MainThread"}, {"name": "framework", "value": "pytest"}, {"name": "language", "value": "cpython3"}, {"name": "package", "value": "tests.test_add_new_goods"}]}