{"name": "test_login", "status": "failed", "statusDetails": {"message": "AssertionError: тест провален DUDE!!\nassert 'Address Book' == 'My Account'\n  - My Account\n  + Address Book", "trace": "browser = <selenium.webdriver.chrome.webdriver.WebDriver (session=\"59ceaf49311010caaa157a97998940b7\")>\n\n    @pytest.mark.usefixtures(\"browser\")\n    def test_login(browser):\n        logger.info('====== Started: {} ======'.format(int(time.time())))\n        try:\n            with allure.step('Navigating to Main Page and clicking My Account'):\n                logger.debug('Navigating to Main Page')\n                main_page = MainPage(browser)\n                logger.debug('Clicking My Account')\n                main_page.click_my_account()\n                take_screenshot(browser, 'Main Page - My Account')\n    \n            with allure.step('Clicking Register User'):\n                logger.debug('Clicking Register User')\n                main_page.click_register_user()\n                take_screenshot(browser, 'Main Page - Register User')\n    \n            with allure.step('Filling registration form'):\n                logger.debug('Filling registration form')\n                register_user = RegisterUser(browser)\n                register_user.fill_registration_form()\n                take_screenshot(browser, 'Registration Form Filled')\n    \n            with allure.step('Agreeing to terms and conditions'):\n                logger.debug('Agreeing to terms and conditions')\n                register_user.click_check_box()\n                take_screenshot(browser, 'Agreed to Terms and Conditions')\n    \n            with allure.step('Submitting registration form'):\n                logger.debug('Submitting registration form')\n                register_user.submit()\n                take_screenshot(browser, 'Registration Form Submitted')\n    \n            with allure.step('Accepting registration'):\n                logger.debug('Accepting registration')\n                register_user.accept()\n                take_screenshot(browser, 'Registration Accepted')\n    \n            with allure.step('Logging out new user'):\n                logger.debug('Logging out new user')\n                register_user.logout()\n                take_screenshot(browser, 'User Logged Out')\n    \n            with allure.step('Navigating back to My Account and clicking Login'):\n                logger.debug('Navigating back to My Account')\n                main_page.click_my_account()\n                logger.debug('Clicking Login')\n                main_page.click_login()\n                take_screenshot(browser, 'Main Page - Login')\n    \n            with allure.step('Entering login credentials and submitting'):\n                logger.debug('Entering login credentials')\n                register_user.input_data(RegisterUser.INPUT_EMAIL, RegisterUser.EMAIL)\n                register_user.input_data(RegisterUser.INPUT_PASSWD, RegisterUser.PASSWD)\n                logger.debug('Submitting login form')\n                browser.find_element(By.CSS_SELECTOR, \"button[type='submit']\").click()\n                take_screenshot(browser, 'Login Form Submitted')\n    \n            with allure.step('Checking if \"My Account\" link is present'):\n                logger.debug('Checking if \"My Account\" link is present')\n                check = WebDriverWait(browser, 2).until(\n                    EC.presence_of_element_located((By.CSS_SELECTOR, \"#column-right > div > a:nth-child(4)\")))\n>               assert check.text == 'My Account', \"тест провален DUDE!!\"\nE               AssertionError: тест провален DUDE!!\nE               assert 'Address Book' == 'My Account'\nE                 - My Account\nE                 + Address Book\n\ntests/test_login.py:82: AssertionError"}, "steps": [{"name": "Navigating to Main Page and clicking My Account", "status": "passed", "attachments": [{"name": "Main Page - My Account", "source": "027de179-2ef3-4ef0-9550-28713b8a0ba5-attachment.png", "type": "image/png"}], "start": 1722157187785, "stop": 1722157188577}, {"name": "Clicking Register User", "status": "passed", "attachments": [{"name": "Main Page - Register User", "source": "ab4f203b-085c-4eb5-8e8d-53bb68beedb0-attachment.png", "type": "image/png"}], "start": 1722157188577, "stop": 1722157189453}, {"name": "Filling registration form", "status": "passed", "attachments": [{"name": "Registration Form Filled", "source": "92821cbe-5289-4edf-9d98-367c311e93ba-attachment.png", "type": "image/png"}], "start": 1722157189453, "stop": 1722157191239}, {"name": "Agreeing to terms and conditions", "status": "passed", "attachments": [{"name": "Agreed to Terms and Conditions", "source": "dafd2e0b-06d1-4abb-91b0-2ee6401715a4-attachment.png", "type": "image/png"}], "start": 1722157191239, "stop": 1722157191964}, {"name": "Submitting registration form", "status": "passed", "attachments": [{"name": "Registration Form Submitted", "source": "e48c438c-4af9-41d7-a3c2-4a54c8e17740-attachment.png", "type": "image/png"}], "start": 1722157191964, "stop": 1722157192656}, {"name": "Accepting registration", "status": "passed", "attachments": [{"name": "Registration Accepted", "source": "909771b3-02be-4d4d-ba85-8d9c19dac0ca-attachment.png", "type": "image/png"}], "start": 1722157192656, "stop": 1722157194164}, {"name": "Logging out new user", "status": "passed", "attachments": [{"name": "User Logged Out", "source": "746d2104-fed8-4ac4-9d0c-977b2e1eb820-attachment.png", "type": "image/png"}], "start": 1722157194164, "stop": 1722157195069}, {"name": "Navigating back to My Account and clicking Login", "status": "passed", "attachments": [{"name": "Main Page - Login", "source": "6e06577c-db6a-4334-8c2a-d930c307262f-attachment.png", "type": "image/png"}], "start": 1722157195069, "stop": 1722157196516}, {"name": "Entering login credentials and submitting", "status": "passed", "attachments": [{"name": "Login Form Submitted", "source": "69c8b988-9d3d-422d-b375-52cf34cdae6d-attachment.png", "type": "image/png"}], "start": 1722157196516, "stop": 1722157197994}, {"name": "Checking if \"My Account\" link is present", "status": "failed", "statusDetails": {"message": "AssertionError: тест провален DUDE!!\nassert 'Address Book' == 'My Account'\n  - My Account\n  + Address Book\n", "trace": "  File \"/home/we/Desktop/Projects/Python/pyOtus/tests/test_login.py\", line 82, in test_login\n    assert check.text == 'My Account', \"тест провален DUDE!!\"\n"}, "start": 1722157197994, "stop": 1722157198015}], "attachments": [{"name": "Error", "source": "fcb296f6-de68-4b53-9174-53621f862cf9-attachment.png", "type": "image/png"}, {"name": "log", "source": "77c54c2a-a85e-499b-b3af-18cb7609056c-attachment.txt", "type": "text/plain"}], "start": 1722157187784, "stop": 1722157198131, "uuid": "6d270477-cca0-42bf-b778-c056094a5e43", "historyId": "a707b9555172d26c5c1ec2d556e674f3", "testCaseId": "a707b9555172d26c5c1ec2d556e674f3", "fullName": "tests.test_login#test_login", "labels": [{"name": "tag", "value": "@pytest.mark.usefixtures('browser')"}, {"name": "parentSuite", "value": "tests"}, {"name": "suite", "value": "test_login"}, {"name": "host", "value": "we"}, {"name": "thread", "value": "13753-MainThread"}, {"name": "framework", "value": "pytest"}, {"name": "language", "value": "cpython3"}, {"name": "package", "value": "tests.test_login"}]}