{"name": "test_add_new_user", "status": "broken", "statusDetails": {"message": "selenium.common.exceptions.TimeoutException: Message: \nStacktrace:\n#0 0x61eb8565ff83 <unknown>\n#1 0x61eb85318cf7 <unknown>\n#2 0x61eb8536899e <unknown>\n#3 0x61eb85368aa1 <unknown>\n#4 0x61eb853b3d64 <unknown>\n#5 0x61eb853920dd <unknown>\n#6 0x61eb853b1006 <unknown>\n#7 0x61eb85391e53 <unknown>\n#8 0x61eb85359dd4 <unknown>\n#9 0x61eb8535b1de <unknown>\n#10 0x61eb85624531 <unknown>\n#11 0x61eb85628455 <unknown>\n#12 0x61eb85610f55 <unknown>\n#13 0x61eb856290ef <unknown>\n#14 0x61eb855f499f <unknown>\n#15 0x61eb8564d008 <unknown>\n#16 0x61eb8564d1d7 <unknown>\n#17 0x61eb8565f124 <unknown>\n#18 0x7ee20b494ac3 <unknown>", "trace": "browser = <selenium.webdriver.chrome.webdriver.WebDriver (session=\"0ff3acb189c790e88f5380fcd3ce5e27\")>\n\n    @pytest.mark.usefixtures(\"browser\")\n    def test_add_new_user(browser):\n        logger.info('====== Started: {} ======'.format(int(time.time())))\n        try:\n            logger.debug('Navigating to Main Page')\n            main_page = MainPage(browser)\n    \n            logger.debug('Clicking My Account')\n>           main_page.click((By.CSS_SELECTOR, \"a[title='My Account']\"))\n\ntests/test_add_new_user.py:26: \n_ _ _ _ _ _ _ _ _ _ _ _ _ _ _ _ _ _ _ _ _ _ _ _ _ _ _ _ _ _ _ _ _ _ _ _ _ _ _ _ _ _ _ _ _ _ _ _ _ _ _ _ _ _ _ _ _ _ _ _ _ _ _ _ _ _ _ _ _ \npage_objects/base_page.py:25: in click\n    ActionChains(self.browser).move_to_element(self.get_element(locator)).pause(0.3).click().perform()\npage_objects/base_page.py:19: in get_element\n    return WebDriverWait(self.browser, timeout).until(EC.visibility_of_element_located(locator))\n_ _ _ _ _ _ _ _ _ _ _ _ _ _ _ _ _ _ _ _ _ _ _ _ _ _ _ _ _ _ _ _ _ _ _ _ _ _ _ _ _ _ _ _ _ _ _ _ _ _ _ _ _ _ _ _ _ _ _ _ _ _ _ _ _ _ _ _ _ \n\nself = <selenium.webdriver.support.wait.WebDriverWait (session=\"0ff3acb189c790e88f5380fcd3ce5e27\")>\nmethod = <function visibility_of_element_located.<locals>._predicate at 0x7f5cf03a8820>, message = ''\n\n    def until(self, method: Callable[[D], Union[Literal[False], T]], message: str = \"\") -> T:\n        \"\"\"Calls the method provided with the driver as an argument until the \\\n        return value does not evaluate to ``False``.\n    \n        :param method: callable(WebDriver)\n        :param message: optional message for :exc:`TimeoutException`\n        :returns: the result of the last call to `method`\n        :raises: :exc:`selenium.common.exceptions.TimeoutException` if timeout occurs\n        \"\"\"\n        screen = None\n        stacktrace = None\n    \n        end_time = time.monotonic() + self._timeout\n        while True:\n            try:\n                value = method(self._driver)\n                if value:\n                    return value\n            except self._ignored_exceptions as exc:\n                screen = getattr(exc, \"screen\", None)\n                stacktrace = getattr(exc, \"stacktrace\", None)\n            time.sleep(self._poll)\n            if time.monotonic() > end_time:\n                break\n>       raise TimeoutException(message, screen, stacktrace)\nE       selenium.common.exceptions.TimeoutException: Message: \nE       Stacktrace:\nE       #0 0x61eb8565ff83 <unknown>\nE       #1 0x61eb85318cf7 <unknown>\nE       #2 0x61eb8536899e <unknown>\nE       #3 0x61eb85368aa1 <unknown>\nE       #4 0x61eb853b3d64 <unknown>\nE       #5 0x61eb853920dd <unknown>\nE       #6 0x61eb853b1006 <unknown>\nE       #7 0x61eb85391e53 <unknown>\nE       #8 0x61eb85359dd4 <unknown>\nE       #9 0x61eb8535b1de <unknown>\nE       #10 0x61eb85624531 <unknown>\nE       #11 0x61eb85628455 <unknown>\nE       #12 0x61eb85610f55 <unknown>\nE       #13 0x61eb856290ef <unknown>\nE       #14 0x61eb855f499f <unknown>\nE       #15 0x61eb8564d008 <unknown>\nE       #16 0x61eb8564d1d7 <unknown>\nE       #17 0x61eb8565f124 <unknown>\nE       #18 0x7ee20b494ac3 <unknown>\n\n.venv/lib/python3.10/site-packages/selenium/webdriver/support/wait.py:105: TimeoutException"}, "attachments": [{"name": "log", "source": "12cf4adb-56bd-4236-ad47-29b3b906c024-attachment.txt", "type": "text/plain"}], "start": 1722157129233, "stop": 1722157132372, "uuid": "4d8bad87-0bd7-4a1d-be3d-f0292dde08ea", "historyId": "022c275df7161ca5e73d9c549080e2a1", "testCaseId": "022c275df7161ca5e73d9c549080e2a1", "fullName": "tests.test_add_new_user#test_add_new_user", "labels": [{"name": "tag", "value": "@pytest.mark.usefixtures('browser')"}, {"name": "parentSuite", "value": "tests"}, {"name": "suite", "value": "test_add_new_user"}, {"name": "host", "value": "we"}, {"name": "thread", "value": "13336-MainThread"}, {"name": "framework", "value": "pytest"}, {"name": "language", "value": "cpython3"}, {"name": "package", "value": "tests.test_add_new_user"}]}