{"name": "test_navigation_links[Login-account/login]", "status": "broken", "statusDetails": {"message": "selenium.common.exceptions.TimeoutException: Message:", "trace": "browser = <selenium.webdriver.remote.webdriver.WebDriver (session=\"57cb96ab972daeb549a8991ee03e4391\")>, link_text = 'Login'\nexpected_url_part = 'account/login'\n\n    @pytest.mark.usefixtures(\"browser\")\n    @pytest.mark.parametrize(\"link_text, expected_url_part\", [\n        (\"My Account\", \"account/account\"),\n        (\"Register\", \"account/register\"),\n        (\"Login\", \"account/login\")\n    ])\n    def test_navigation_links(browser, link_text, expected_url_part):\n        logger.info('====== Started: {} ======'.format(int(time.time())))\n        try:\n            with allure.step(f'Navigating to Main Page and clicking {link_text}'):\n                logger.debug('Navigating to Main Page')\n                main_page = MainPage(browser)\n    \n                if link_text == \"My Account\":\n                    main_page.click_my_account()\n                elif link_text == \"Register\":\n                    main_page.click_register_user()\n                elif link_text == \"Login\":\n>                   main_page.click_login()\n\ntests/OPENCART_REG_USER/test_main_page.py:64: \n_ _ _ _ _ _ _ _ _ _ _ _ _ _ _ _ _ _ _ _ _ _ _ _ _ _ _ _ _ _ _ _ _ _ _ _ _ _ _ _ _ _ _ _ _ _ _ _ _ _ _ _ _ _ _ _ _ _ _ _ _ _ _ _ _ _ _ _ _ \npage_objects/main_page.py:32: in click_login\n    self.click(self.LOGIN_USER)\npage_objects/base_page.py:25: in click\n    ActionChains(self.browser).move_to_element(self.get_element(locator)).pause(0.3).click().perform()\npage_objects/base_page.py:19: in get_element\n    return WebDriverWait(self.browser, timeout).until(EC.visibility_of_element_located(locator))\n_ _ _ _ _ _ _ _ _ _ _ _ _ _ _ _ _ _ _ _ _ _ _ _ _ _ _ _ _ _ _ _ _ _ _ _ _ _ _ _ _ _ _ _ _ _ _ _ _ _ _ _ _ _ _ _ _ _ _ _ _ _ _ _ _ _ _ _ _ \n\nself = <selenium.webdriver.support.wait.WebDriverWait (session=\"57cb96ab972daeb549a8991ee03e4391\")>\nmethod = <function visibility_of_element_located.<locals>._predicate at 0x7343c3c55870>, message = ''\n\n    def until(self, method: Callable[[D], Union[Literal[False], T]], message: str = \"\") -> T:\n        \"\"\"Calls the method provided with the driver as an argument until the \\\n        return value does not evaluate to ``False``.\n    \n        :param method: callable(WebDriver)\n        :param message: optional message for :exc:`TimeoutException`\n        :returns: the result of the last call to `method`\n        :raises: :exc:`selenium.common.exceptions.TimeoutException` if timeout occurs\n        \"\"\"\n        screen = None\n        stacktrace = None\n    \n        end_time = time.monotonic() + self._timeout\n        while True:\n            try:\n                value = method(self._driver)\n                if value:\n                    return value\n            except self._ignored_exceptions as exc:\n                screen = getattr(exc, \"screen\", None)\n                stacktrace = getattr(exc, \"stacktrace\", None)\n            time.sleep(self._poll)\n            if time.monotonic() > end_time:\n                break\n>       raise TimeoutException(message, screen, stacktrace)\nE       selenium.common.exceptions.TimeoutException: Message:\n\n.venv/lib/python3.10/site-packages/selenium/webdriver/support/wait.py:105: TimeoutException"}, "steps": [{"name": "Navigating to Main Page and clicking Login", "status": "broken", "statusDetails": {"message": "selenium.common.exceptions.TimeoutException: Message: \n\n", "trace": "  File \"/home/we/Desktop/Projects/Python/pyOtus/tests/OPENCART_REG_USER/test_main_page.py\", line 64, in test_navigation_links\n    main_page.click_login()\n  File \"/home/we/Desktop/Projects/Python/pyOtus/page_objects/main_page.py\", line 32, in click_login\n    self.click(self.LOGIN_USER)\n  File \"/home/we/Desktop/Projects/Python/pyOtus/page_objects/base_page.py\", line 25, in click\n    ActionChains(self.browser).move_to_element(self.get_element(locator)).pause(0.3).click().perform()\n  File \"/home/we/Desktop/Projects/Python/pyOtus/page_objects/base_page.py\", line 19, in get_element\n    return WebDriverWait(self.browser, timeout).until(EC.visibility_of_element_located(locator))\n  File \"/home/we/Desktop/Projects/Python/pyOtus/.venv/lib/python3.10/site-packages/selenium/webdriver/support/wait.py\", line 105, in until\n    raise TimeoutException(message, screen, stacktrace)\n"}, "start": 1725735841339, "stop": 1725735844373}], "attachments": [{"name": "Error", "source": "c1130713-fbb2-4231-85c2-69cf6d834615-attachment.png", "type": "image/png"}, {"name": "log", "source": "7b917fb5-9a0b-492d-bff5-c3a0ffd2fad5-attachment.txt", "type": "text/plain"}], "parameters": [{"name": "link_text", "value": "'Login'"}, {"name": "expected_url_part", "value": "'account/login'"}], "start": 1725735841338, "stop": 1725735844929, "uuid": "328706e4-d68a-449c-ba0d-bbd8093005fa", "historyId": "e780adb0f6c149cb8511e4ec505d3f01", "testCaseId": "eb40b694c2e72803c96352cf6de361b0", "fullName": "tests.OPENCART_REG_USER.test_main_page#test_navigation_links", "labels": [{"name": "tag", "value": "@pytest.mark.usefixtures('browser')"}, {"name": "parentSuite", "value": "tests.OPENCART_REG_USER"}, {"name": "suite", "value": "test_main_page"}, {"name": "host", "value": "we"}, {"name": "thread", "value": "13422-MainThread"}, {"name": "framework", "value": "pytest"}, {"name": "language", "value": "cpython3"}, {"name": "package", "value": "tests.OPENCART_REG_USER.test_main_page"}]}