{"name": "test_navigation_links[Register-account/register]", "status": "broken", "statusDetails": {"message": "selenium.common.exceptions.TimeoutException: Message:", "trace": "browser = <selenium.webdriver.remote.webdriver.WebDriver (session=\"abd6c05a8107f73734c0ea8c25fe1f6c\")>, link_text = 'Register'\nexpected_url_part = 'account/register'\n\n    @pytest.mark.usefixtures(\"browser\")\n    @pytest.mark.parametrize(\"link_text, expected_url_part\", [\n        (\"My Account\", \"account/account\"),\n        (\"Register\", \"account/register\"),\n        (\"Login\", \"account/login\")\n    ])\n    def test_navigation_links(browser, link_text, expected_url_part):\n        logger.info('====== Started: {} ======'.format(int(time.time())))\n        try:\n            with allure.step(f'Navigating to Main Page and clicking {link_text}'):\n                logger.debug('Navigating to Main Page')\n                main_page = MainPage(browser)\n    \n                if link_text == \"My Account\":\n                    main_page.click_my_account()\n                elif link_text == \"Register\":\n>                   main_page.click_register_user()\n\ntests/OPENCART_REG_USER/test_main_page.py:62: \n_ _ _ _ _ _ _ _ _ _ _ _ _ _ _ _ _ _ _ _ _ _ _ _ _ _ _ _ _ _ _ _ _ _ _ _ _ _ _ _ _ _ _ _ _ _ _ _ _ _ _ _ _ _ _ _ _ _ _ _ _ _ _ _ _ _ _ _ _ \npage_objects/main_page.py:39: in click_register_user\n    self.click(self.REGISTER_USER)\npage_objects/base_page.py:25: in click\n    ActionChains(self.browser).move_to_element(self.get_element(locator)).pause(0.3).click().perform()\npage_objects/base_page.py:19: in get_element\n    return WebDriverWait(self.browser, timeout).until(EC.visibility_of_element_located(locator))\n_ _ _ _ _ _ _ _ _ _ _ _ _ _ _ _ _ _ _ _ _ _ _ _ _ _ _ _ _ _ _ _ _ _ _ _ _ _ _ _ _ _ _ _ _ _ _ _ _ _ _ _ _ _ _ _ _ _ _ _ _ _ _ _ _ _ _ _ _ \n\nself = <selenium.webdriver.support.wait.WebDriverWait (session=\"abd6c05a8107f73734c0ea8c25fe1f6c\")>\nmethod = <function visibility_of_element_located.<locals>._predicate at 0x7343c3c556c0>, message = ''\n\n    def until(self, method: Callable[[D], Union[Literal[False], T]], message: str = \"\") -> T:\n        \"\"\"Calls the method provided with the driver as an argument until the \\\n        return value does not evaluate to ``False``.\n    \n        :param method: callable(WebDriver)\n        :param message: optional message for :exc:`TimeoutException`\n        :returns: the result of the last call to `method`\n        :raises: :exc:`selenium.common.exceptions.TimeoutException` if timeout occurs\n        \"\"\"\n        screen = None\n        stacktrace = None\n    \n        end_time = time.monotonic() + self._timeout\n        while True:\n            try:\n                value = method(self._driver)\n                if value:\n                    return value\n            except self._ignored_exceptions as exc:\n                screen = getattr(exc, \"screen\", None)\n                stacktrace = getattr(exc, \"stacktrace\", None)\n            time.sleep(self._poll)\n            if time.monotonic() > end_time:\n                break\n>       raise TimeoutException(message, screen, stacktrace)\nE       selenium.common.exceptions.TimeoutException: Message:\n\n.venv/lib/python3.10/site-packages/selenium/webdriver/support/wait.py:105: TimeoutException"}, "steps": [{"name": "Navigating to Main Page and clicking Register", "status": "broken", "statusDetails": {"message": "selenium.common.exceptions.TimeoutException: Message: \n\n", "trace": "  File \"/home/we/Desktop/Projects/Python/pyOtus/tests/OPENCART_REG_USER/test_main_page.py\", line 62, in test_navigation_links\n    main_page.click_register_user()\n  File \"/home/we/Desktop/Projects/Python/pyOtus/page_objects/main_page.py\", line 39, in click_register_user\n    self.click(self.REGISTER_USER)\n  File \"/home/we/Desktop/Projects/Python/pyOtus/page_objects/base_page.py\", line 25, in click\n    ActionChains(self.browser).move_to_element(self.get_element(locator)).pause(0.3).click().perform()\n  File \"/home/we/Desktop/Projects/Python/pyOtus/page_objects/base_page.py\", line 19, in get_element\n    return WebDriverWait(self.browser, timeout).until(EC.visibility_of_element_located(locator))\n  File \"/home/we/Desktop/Projects/Python/pyOtus/.venv/lib/python3.10/site-packages/selenium/webdriver/support/wait.py\", line 105, in until\n    raise TimeoutException(message, screen, stacktrace)\n"}, "start": 1725735834800, "stop": 1725735838049}], "attachments": [{"name": "Error", "source": "0c58fb24-334e-4706-babf-7595f1ca9cb1-attachment.png", "type": "image/png"}, {"name": "log", "source": "25b70872-9150-42da-9601-11471ea37012-attachment.txt", "type": "text/plain"}], "parameters": [{"name": "link_text", "value": "'Register'"}, {"name": "expected_url_part", "value": "'account/register'"}], "start": 1725735834799, "stop": 1725735838342, "uuid": "b1e94a89-d35a-46a1-9ae5-bd339f84aa49", "historyId": "adb9bc73bd04603a28114bc0fe5562ef", "testCaseId": "eb40b694c2e72803c96352cf6de361b0", "fullName": "tests.OPENCART_REG_USER.test_main_page#test_navigation_links", "labels": [{"name": "tag", "value": "@pytest.mark.usefixtures('browser')"}, {"name": "parentSuite", "value": "tests.OPENCART_REG_USER"}, {"name": "suite", "value": "test_main_page"}, {"name": "host", "value": "we"}, {"name": "thread", "value": "13422-MainThread"}, {"name": "framework", "value": "pytest"}, {"name": "language", "value": "cpython3"}, {"name": "package", "value": "tests.OPENCART_REG_USER.test_main_page"}]}