{"name": "test_navigation_links[My Account-account/account]", "status": "failed", "statusDetails": {"message": "AssertionError: Navigation to My Account failed.\nassert 'account/account' in 'http://10.0.47.57:8081/'\n +  where 'http://10.0.47.57:8081/' = <selenium.webdriver.remote.webdriver.WebDriver (session=\"a781d526a42d8cad00b5a30f7b56ed75\")>.current_url", "trace": "browser = <selenium.webdriver.remote.webdriver.WebDriver (session=\"a781d526a42d8cad00b5a30f7b56ed75\")>, link_text = 'My Account'\nexpected_url_part = 'account/account'\n\n    @pytest.mark.usefixtures(\"browser\")\n    @pytest.mark.parametrize(\"link_text, expected_url_part\", [\n        (\"My Account\", \"account/account\"),\n        (\"Register\", \"account/register\"),\n        (\"Login\", \"account/login\")\n    ])\n    def test_navigation_links(browser, link_text, expected_url_part):\n        logger.info('====== Started: {} ======'.format(int(time.time())))\n        try:\n            with allure.step(f'Navigating to Main Page and clicking {link_text}'):\n                logger.debug('Navigating to Main Page')\n                main_page = MainPage(browser)\n    \n                if link_text == \"My Account\":\n                    main_page.click_my_account()\n                elif link_text == \"Register\":\n                    main_page.click_register_user()\n                elif link_text == \"Login\":\n                    main_page.click_login()\n                take_screenshot(browser, f'Clicked {link_text}')\n    \n            with allure.step(f'Checking URL for {link_text}'):\n>               assert expected_url_part in browser.current_url, f\"Navigation to {link_text} failed.\"\nE               AssertionError: Navigation to My Account failed.\nE               assert 'account/account' in 'http://10.0.47.57:8081/'\nE                +  where 'http://10.0.47.57:8081/' = <selenium.webdriver.remote.webdriver.WebDriver (session=\"a781d526a42d8cad00b5a30f7b56ed75\")>.current_url\n\ntests/OPENCART_REG_USER/test_main_page.py:68: AssertionError"}, "steps": [{"name": "Navigating to Main Page and clicking My Account", "status": "passed", "attachments": [{"name": "Clicked My Account", "source": "5c678479-ac30-48b4-8e34-165ed16c7705-attachment.png", "type": "image/png"}], "start": 1725735830329, "stop": 1725735831351}, {"name": "Checking URL for My Account", "status": "failed", "statusDetails": {"message": "AssertionError: Navigation to My Account failed.\nassert 'account/account' in 'http://10.0.47.57:8081/'\n +  where 'http://10.0.47.57:8081/' = <selenium.webdriver.remote.webdriver.WebDriver (session=\"a781d526a42d8cad00b5a30f7b56ed75\")>.current_url\n", "trace": "  File \"/home/we/Desktop/Projects/Python/pyOtus/tests/OPENCART_REG_USER/test_main_page.py\", line 68, in test_navigation_links\n    assert expected_url_part in browser.current_url, f\"Navigation to {link_text} failed.\"\n"}, "start": 1725735831351, "stop": 1725735831454}], "attachments": [{"name": "Error", "source": "acd65c0c-49a6-4f71-9328-ffe4b7700d05-attachment.png", "type": "image/png"}, {"name": "log", "source": "7c81d1cf-b726-4091-a062-9fb0ca945cb1-attachment.txt", "type": "text/plain"}], "parameters": [{"name": "link_text", "value": "'My Account'"}, {"name": "expected_url_part", "value": "'account/account'"}], "start": 1725735830328, "stop": 1725735831649, "uuid": "aec21050-08bd-4df9-8617-ff6ff790e9cd", "historyId": "2ae4ecefb5fb55200d70cf7b40a9e6a3", "testCaseId": "eb40b694c2e72803c96352cf6de361b0", "fullName": "tests.OPENCART_REG_USER.test_main_page#test_navigation_links", "labels": [{"name": "tag", "value": "@pytest.mark.usefixtures('browser')"}, {"name": "parentSuite", "value": "tests.OPENCART_REG_USER"}, {"name": "suite", "value": "test_main_page"}, {"name": "host", "value": "we"}, {"name": "thread", "value": "13422-MainThread"}, {"name": "framework", "value": "pytest"}, {"name": "language", "value": "cpython3"}, {"name": "package", "value": "tests.OPENCART_REG_USER.test_main_page"}]}